[ 2016-09-26T19:44:29+08:00 ] ::1 /blog/index.php/home/index/index/
INFO: [ app_init ] --START--
INFO: Run Behavior\BuildLiteBehavior [ RunTime:0.000020s ]
INFO: [ app_init ] --END-- [ RunTime:0.000594s ]
INFO: [ app_begin ] --START--
INFO: Run Behavior\ReadHtmlCacheBehavior [ RunTime:0.000802s ]
INFO: [ app_begin ] --END-- [ RunTime:0.000889s ]
SQL: SHOW COLUMNS FROM `art` [ RunTime:0.0296s ]
SQL: SELECT * FROM `art`  [ RunTime:0.0005s ]
NOTIC: [2] Missing argument 1 for Think\Controller::show(), called in D:\xampp\htdocs\blog\Home\Controller\IndexController.class.php on line 10 and defined D:\xampp\htdocs\ThinkPHP\Library\Think\Controller.class.php 第 68 行.
NOTIC: [8] Undefined variable: content D:\xampp\htdocs\ThinkPHP\Library\Think\Controller.class.php 第 69 行.
INFO: [ view_parse ] --START--
INFO: [ template_filter ] --START--
INFO: Run Behavior\ContentReplaceBehavior [ RunTime:0.001825s ]
INFO: [ template_filter ] --END-- [ RunTime:0.001894s ]
NOTIC: [8] Use of undefined constant art_id - assumed 'art_id' D:\xampp\htdocs\blog\Runtime\Cache\Home\9fd615a7c1fcdddda609372a495acc38.php 第 61 行.
NOTIC: [8] Use of undefined constant art_id - assumed 'art_id' D:\xampp\htdocs\blog\Runtime\Cache\Home\9fd615a7c1fcdddda609372a495acc38.php 第 61 行.
NOTIC: [8] Use of undefined constant art_id - assumed 'art_id' D:\xampp\htdocs\blog\Runtime\Cache\Home\9fd615a7c1fcdddda609372a495acc38.php 第 61 行.
NOTIC: [8] Use of undefined constant art_id - assumed 'art_id' D:\xampp\htdocs\blog\Runtime\Cache\Home\9fd615a7c1fcdddda609372a495acc38.php 第 61 行.
NOTIC: [8] Use of undefined constant art_id - assumed 'art_id' D:\xampp\htdocs\blog\Runtime\Cache\Home\9fd615a7c1fcdddda609372a495acc38.php 第 61 行.
NOTIC: [8] Use of undefined constant art_id - assumed 'art_id' D:\xampp\htdocs\blog\Runtime\Cache\Home\9fd615a7c1fcdddda609372a495acc38.php 第 61 行.
NOTIC: [8] Use of undefined constant art_id - assumed 'art_id' D:\xampp\htdocs\blog\Runtime\Cache\Home\9fd615a7c1fcdddda609372a495acc38.php 第 61 行.
NOTIC: [8] Use of undefined constant art_id - assumed 'art_id' D:\xampp\htdocs\blog\Runtime\Cache\Home\9fd615a7c1fcdddda609372a495acc38.php 第 61 行.
NOTIC: [8] Use of undefined constant art_id - assumed 'art_id' D:\xampp\htdocs\blog\Runtime\Cache\Home\9fd615a7c1fcdddda609372a495acc38.php 第 61 行.
NOTIC: [8] Use of undefined constant art_id - assumed 'art_id' D:\xampp\htdocs\blog\Runtime\Cache\Home\9fd615a7c1fcdddda609372a495acc38.php 第 61 行.
NOTIC: [8] Use of undefined constant art_id - assumed 'art_id' D:\xampp\htdocs\blog\Runtime\Cache\Home\9fd615a7c1fcdddda609372a495acc38.php 第 61 行.
NOTIC: [8] Use of undefined constant art_id - assumed 'art_id' D:\xampp\htdocs\blog\Runtime\Cache\Home\9fd615a7c1fcdddda609372a495acc38.php 第 61 行.
INFO: Run Behavior\ParseTemplateBehavior [ RunTime:0.144970s ]
INFO: [ view_parse ] --END-- [ RunTime:0.145034s ]
INFO: [ view_filter ] --START--
INFO: Run Behavior\WriteHtmlCacheBehavior [ RunTime:0.008917s ]
INFO: [ view_filter ] --END-- [ RunTime:0.008968s ]
INFO: [ app_end ] --START--
INFO: Run Behavior\ShowPageTraceBehavior [ RunTime:0.000598s ]
INFO: [ app_end ] --END-- [ RunTime:0.000640s ]

[ 2016-09-26T19:44:51+08:00 ] ::1 /blog/index.php/Home/Index.html
INFO: [ app_init ] --START--
INFO: Run Behavior\BuildLiteBehavior [ RunTime:0.000015s ]
INFO: [ app_init ] --END-- [ RunTime:0.000456s ]
INFO: [ app_begin ] --START--
INFO: Run Behavior\ReadHtmlCacheBehavior [ RunTime:0.000546s ]
INFO: [ app_begin ] --END-- [ RunTime:0.000606s ]
SQL: SHOW COLUMNS FROM `art` [ RunTime:0.0211s ]
SQL: SELECT * FROM `art`  [ RunTime:0.0007s ]
NOTIC: [2] Missing argument 1 for Think\Controller::show(), called in D:\xampp\htdocs\blog\Home\Controller\IndexController.class.php on line 10 and defined D:\xampp\htdocs\ThinkPHP\Library\Think\Controller.class.php 第 68 行.
NOTIC: [8] Undefined variable: content D:\xampp\htdocs\ThinkPHP\Library\Think\Controller.class.php 第 69 行.
INFO: [ view_parse ] --START--
INFO: [ template_filter ] --START--
INFO: Run Behavior\ContentReplaceBehavior [ RunTime:0.000136s ]
INFO: [ template_filter ] --END-- [ RunTime:0.000241s ]
NOTIC: [8] Use of undefined constant art_id - assumed 'art_id' D:\xampp\htdocs\blog\Runtime\Cache\Home\9fd615a7c1fcdddda609372a495acc38.php 第 61 行.
NOTIC: [8] Use of undefined constant art_id - assumed 'art_id' D:\xampp\htdocs\blog\Runtime\Cache\Home\9fd615a7c1fcdddda609372a495acc38.php 第 61 行.
NOTIC: [8] Use of undefined constant art_id - assumed 'art_id' D:\xampp\htdocs\blog\Runtime\Cache\Home\9fd615a7c1fcdddda609372a495acc38.php 第 61 行.
NOTIC: [8] Use of undefined constant art_id - assumed 'art_id' D:\xampp\htdocs\blog\Runtime\Cache\Home\9fd615a7c1fcdddda609372a495acc38.php 第 61 行.
NOTIC: [8] Use of undefined constant art_id - assumed 'art_id' D:\xampp\htdocs\blog\Runtime\Cache\Home\9fd615a7c1fcdddda609372a495acc38.php 第 61 行.
NOTIC: [8] Use of undefined constant art_id - assumed 'art_id' D:\xampp\htdocs\blog\Runtime\Cache\Home\9fd615a7c1fcdddda609372a495acc38.php 第 61 行.
NOTIC: [8] Use of undefined constant art_id - assumed 'art_id' D:\xampp\htdocs\blog\Runtime\Cache\Home\9fd615a7c1fcdddda609372a495acc38.php 第 61 行.
NOTIC: [8] Use of undefined constant art_id - assumed 'art_id' D:\xampp\htdocs\blog\Runtime\Cache\Home\9fd615a7c1fcdddda609372a495acc38.php 第 61 行.
NOTIC: [8] Use of undefined constant art_id - assumed 'art_id' D:\xampp\htdocs\blog\Runtime\Cache\Home\9fd615a7c1fcdddda609372a495acc38.php 第 61 行.
NOTIC: [8] Use of undefined constant art_id - assumed 'art_id' D:\xampp\htdocs\blog\Runtime\Cache\Home\9fd615a7c1fcdddda609372a495acc38.php 第 61 行.
NOTIC: [8] Use of undefined constant art_id - assumed 'art_id' D:\xampp\htdocs\blog\Runtime\Cache\Home\9fd615a7c1fcdddda609372a495acc38.php 第 61 行.
NOTIC: [8] Use of undefined constant art_id - assumed 'art_id' D:\xampp\htdocs\blog\Runtime\Cache\Home\9fd615a7c1fcdddda609372a495acc38.php 第 61 行.
INFO: Run Behavior\ParseTemplateBehavior [ RunTime:0.013448s ]
INFO: [ view_parse ] --END-- [ RunTime:0.013526s ]
INFO: [ view_filter ] --START--
INFO: Run Behavior\WriteHtmlCacheBehavior [ RunTime:0.000623s ]
INFO: [ view_filter ] --END-- [ RunTime:0.000685s ]
INFO: [ app_end ] --START--
INFO: Run Behavior\ShowPageTraceBehavior [ RunTime:0.000751s ]
INFO: [ app_end ] --END-- [ RunTime:0.000818s ]

[ 2016-09-26T19:44:52+08:00 ] ::1 /blog/index.php/Home/Index/contact.html
INFO: [ app_init ] --START--
INFO: Run Behavior\BuildLiteBehavior [ RunTime:0.000016s ]
INFO: [ app_init ] --END-- [ RunTime:0.000449s ]
INFO: [ app_begin ] --START--
INFO: Run Behavior\ReadHtmlCacheBehavior [ RunTime:0.000531s ]
INFO: [ app_begin ] --END-- [ RunTime:0.000606s ]
NOTIC: [2] Missing argument 1 for Think\Controller::show(), called in D:\xampp\htdocs\blog\Home\Controller\IndexController.class.php on line 13 and defined D:\xampp\htdocs\ThinkPHP\Library\Think\Controller.class.php 第 68 行.
NOTIC: [8] Undefined variable: content D:\xampp\htdocs\ThinkPHP\Library\Think\Controller.class.php 第 69 行.
INFO: [ view_parse ] --START--
INFO: [ template_filter ] --START--
INFO: Run Behavior\ContentReplaceBehavior [ RunTime:0.000087s ]
INFO: [ template_filter ] --END-- [ RunTime:0.000172s ]
INFO: Run Behavior\ParseTemplateBehavior [ RunTime:0.102437s ]
INFO: [ view_parse ] --END-- [ RunTime:0.102507s ]
INFO: [ view_filter ] --START--
INFO: Run Behavior\WriteHtmlCacheBehavior [ RunTime:0.000284s ]
INFO: [ view_filter ] --END-- [ RunTime:0.000347s ]
INFO: [ app_end ] --START--
INFO: Run Behavior\ShowPageTraceBehavior [ RunTime:0.000551s ]
INFO: [ app_end ] --END-- [ RunTime:0.000601s ]

[ 2016-09-26T19:45:06+08:00 ] ::1 /blog/index.php/Home/Index/contact.html
INFO: [ app_init ] --START--
INFO: Run Behavior\BuildLiteBehavior [ RunTime:0.000018s ]
INFO: [ app_init ] --END-- [ RunTime:0.000516s ]
INFO: [ app_begin ] --START--
INFO: Run Behavior\ReadHtmlCacheBehavior [ RunTime:0.000676s ]
INFO: [ app_begin ] --END-- [ RunTime:0.000754s ]
NOTIC: [2] Missing argument 1 for Think\Controller::show(), called in D:\xampp\htdocs\blog\Home\Controller\IndexController.class.php on line 13 and defined D:\xampp\htdocs\ThinkPHP\Library\Think\Controller.class.php 第 68 行.
NOTIC: [8] Undefined variable: content D:\xampp\htdocs\ThinkPHP\Library\Think\Controller.class.php 第 69 行.
INFO: [ view_parse ] --START--
INFO: [ template_filter ] --START--
INFO: Run Behavior\ContentReplaceBehavior [ RunTime:0.000136s ]
INFO: [ template_filter ] --END-- [ RunTime:0.000287s ]
INFO: Run Behavior\ParseTemplateBehavior [ RunTime:0.010875s ]
INFO: [ view_parse ] --END-- [ RunTime:0.010976s ]
INFO: [ view_filter ] --START--
INFO: Run Behavior\WriteHtmlCacheBehavior [ RunTime:0.000372s ]
INFO: [ view_filter ] --END-- [ RunTime:0.000458s ]
INFO: [ app_end ] --START--
INFO: Run Behavior\ShowPageTraceBehavior [ RunTime:0.000706s ]
INFO: [ app_end ] --END-- [ RunTime:0.000774s ]

[ 2016-09-26T19:45:13+08:00 ] ::1 /blog/index.php/Home/Index/about.html
INFO: [ app_init ] --START--
INFO: Run Behavior\BuildLiteBehavior [ RunTime:0.000014s ]
INFO: [ app_init ] --END-- [ RunTime:0.000367s ]
INFO: [ app_begin ] --START--
INFO: Run Behavior\ReadHtmlCacheBehavior [ RunTime:0.000496s ]
INFO: [ app_begin ] --END-- [ RunTime:0.000552s ]
NOTIC: [2] Missing argument 1 for Think\Controller::show(), called in D:\xampp\htdocs\blog\Home\Controller\IndexController.class.php on line 16 and defined D:\xampp\htdocs\ThinkPHP\Library\Think\Controller.class.php 第 68 行.
NOTIC: [8] Undefined variable: content D:\xampp\htdocs\ThinkPHP\Library\Think\Controller.class.php 第 69 行.
INFO: [ view_parse ] --START--
INFO: [ template_filter ] --START--
INFO: Run Behavior\ContentReplaceBehavior [ RunTime:0.000079s ]
INFO: [ template_filter ] --END-- [ RunTime:0.000167s ]
INFO: Run Behavior\ParseTemplateBehavior [ RunTime:0.091856s ]
INFO: [ view_parse ] --END-- [ RunTime:0.091942s ]
INFO: [ view_filter ] --START--
INFO: Run Behavior\WriteHtmlCacheBehavior [ RunTime:0.000488s ]
INFO: [ view_filter ] --END-- [ RunTime:0.000570s ]
INFO: [ app_end ] --START--
INFO: Run Behavior\ShowPageTraceBehavior [ RunTime:0.000978s ]
INFO: [ app_end ] --END-- [ RunTime:0.001334s ]

[ 2016-09-26T19:45:17+08:00 ] ::1 /blog/index.php/Home/Index/index.html
INFO: [ app_init ] --START--
INFO: Run Behavior\BuildLiteBehavior [ RunTime:0.000013s ]
INFO: [ app_init ] --END-- [ RunTime:0.000379s ]
INFO: [ app_begin ] --START--
INFO: Run Behavior\ReadHtmlCacheBehavior [ RunTime:0.000538s ]
INFO: [ app_begin ] --END-- [ RunTime:0.000599s ]
SQL: SHOW COLUMNS FROM `art` [ RunTime:0.0178s ]
SQL: SELECT * FROM `art`  [ RunTime:0.0005s ]
NOTIC: [2] Missing argument 1 for Think\Controller::show(), called in D:\xampp\htdocs\blog\Home\Controller\IndexController.class.php on line 10 and defined D:\xampp\htdocs\ThinkPHP\Library\Think\Controller.class.php 第 68 行.
NOTIC: [8] Undefined variable: content D:\xampp\htdocs\ThinkPHP\Library\Think\Controller.class.php 第 69 行.
INFO: [ view_parse ] --START--
INFO: [ template_filter ] --START--
INFO: Run Behavior\ContentReplaceBehavior [ RunTime:0.000067s ]
INFO: [ template_filter ] --END-- [ RunTime:0.000132s ]
NOTIC: [8] Use of undefined constant art_id - assumed 'art_id' D:\xampp\htdocs\blog\Runtime\Cache\Home\9fd615a7c1fcdddda609372a495acc38.php 第 61 行.
NOTIC: [8] Use of undefined constant art_id - assumed 'art_id' D:\xampp\htdocs\blog\Runtime\Cache\Home\9fd615a7c1fcdddda609372a495acc38.php 第 61 行.
NOTIC: [8] Use of undefined constant art_id - assumed 'art_id' D:\xampp\htdocs\blog\Runtime\Cache\Home\9fd615a7c1fcdddda609372a495acc38.php 第 61 行.
NOTIC: [8] Use of undefined constant art_id - assumed 'art_id' D:\xampp\htdocs\blog\Runtime\Cache\Home\9fd615a7c1fcdddda609372a495acc38.php 第 61 行.
NOTIC: [8] Use of undefined constant art_id - assumed 'art_id' D:\xampp\htdocs\blog\Runtime\Cache\Home\9fd615a7c1fcdddda609372a495acc38.php 第 61 行.
NOTIC: [8] Use of undefined constant art_id - assumed 'art_id' D:\xampp\htdocs\blog\Runtime\Cache\Home\9fd615a7c1fcdddda609372a495acc38.php 第 61 行.
NOTIC: [8] Use of undefined constant art_id - assumed 'art_id' D:\xampp\htdocs\blog\Runtime\Cache\Home\9fd615a7c1fcdddda609372a495acc38.php 第 61 行.
NOTIC: [8] Use of undefined constant art_id - assumed 'art_id' D:\xampp\htdocs\blog\Runtime\Cache\Home\9fd615a7c1fcdddda609372a495acc38.php 第 61 行.
NOTIC: [8] Use of undefined constant art_id - assumed 'art_id' D:\xampp\htdocs\blog\Runtime\Cache\Home\9fd615a7c1fcdddda609372a495acc38.php 第 61 行.
NOTIC: [8] Use of undefined constant art_id - assumed 'art_id' D:\xampp\htdocs\blog\Runtime\Cache\Home\9fd615a7c1fcdddda609372a495acc38.php 第 61 行.
NOTIC: [8] Use of undefined constant art_id - assumed 'art_id' D:\xampp\htdocs\blog\Runtime\Cache\Home\9fd615a7c1fcdddda609372a495acc38.php 第 61 行.
NOTIC: [8] Use of undefined constant art_id - assumed 'art_id' D:\xampp\htdocs\blog\Runtime\Cache\Home\9fd615a7c1fcdddda609372a495acc38.php 第 61 行.
INFO: Run Behavior\ParseTemplateBehavior [ RunTime:0.010554s ]
INFO: [ view_parse ] --END-- [ RunTime:0.010642s ]
INFO: [ view_filter ] --START--
INFO: Run Behavior\WriteHtmlCacheBehavior [ RunTime:0.000358s ]
INFO: [ view_filter ] --END-- [ RunTime:0.000422s ]
INFO: [ app_end ] --START--
INFO: Run Behavior\ShowPageTraceBehavior [ RunTime:0.000719s ]
INFO: [ app_end ] --END-- [ RunTime:0.000791s ]

[ 2016-09-26T19:45:24+08:00 ] ::1 /blog/index.php/Home/Index/art/art_id/1.html
INFO: [ app_init ] --START--
INFO: Run Behavior\BuildLiteBehavior [ RunTime:0.000020s ]
INFO: [ app_init ] --END-- [ RunTime:0.000634s ]
INFO: [ app_begin ] --START--
INFO: Run Behavior\ReadHtmlCacheBehavior [ RunTime:0.000593s ]
INFO: [ app_begin ] --END-- [ RunTime:0.000671s ]
SQL: SHOW COLUMNS FROM `art` [ RunTime:0.0120s ]
SQL: SELECT * FROM `art` WHERE `art_id` = 1 LIMIT 1   [ RunTime:0.0011s ]
NOTIC: [2] Missing argument 1 for Think\Controller::show(), called in D:\xampp\htdocs\blog\Home\Controller\IndexController.class.php on line 23 and defined D:\xampp\htdocs\ThinkPHP\Library\Think\Controller.class.php 第 68 行.
NOTIC: [8] Undefined variable: content D:\xampp\htdocs\ThinkPHP\Library\Think\Controller.class.php 第 69 行.
INFO: [ view_parse ] --START--
INFO: [ template_filter ] --START--
INFO: Run Behavior\ContentReplaceBehavior [ RunTime:0.000053s ]
INFO: [ template_filter ] --END-- [ RunTime:0.000109s ]
INFO: Run Behavior\ParseTemplateBehavior [ RunTime:0.072150s ]
INFO: [ view_parse ] --END-- [ RunTime:0.072231s ]
INFO: [ view_filter ] --START--
INFO: Run Behavior\WriteHtmlCacheBehavior [ RunTime:0.000505s ]
INFO: [ view_filter ] --END-- [ RunTime:0.000580s ]
INFO: [ app_end ] --START--
INFO: Run Behavior\ShowPageTraceBehavior [ RunTime:0.000901s ]
INFO: [ app_end ] --END-- [ RunTime:0.001019s ]

[ 2016-09-26T19:55:07+08:00 ] ::1 /blog/index.php/Home/Index/art/art_id/index.html
INFO: [ app_init ] --START--
INFO: Run Behavior\BuildLiteBehavior [ RunTime:0.000029s ]
INFO: [ app_init ] --END-- [ RunTime:0.000782s ]
INFO: [ app_begin ] --START--
INFO: Run Behavior\ReadHtmlCacheBehavior [ RunTime:0.001130s ]
INFO: [ app_begin ] --END-- [ RunTime:0.001234s ]
SQL: SHOW COLUMNS FROM `art` [ RunTime:0.0181s ]
SQL: SELECT * FROM `art` WHERE `art_id` = 0 LIMIT 1   [ RunTime:0.0004s ]
NOTIC: [2] Missing argument 1 for Think\Controller::show(), called in D:\xampp\htdocs\blog\Home\Controller\IndexController.class.php on line 23 and defined D:\xampp\htdocs\ThinkPHP\Library\Think\Controller.class.php 第 68 行.
NOTIC: [8] Undefined variable: content D:\xampp\htdocs\ThinkPHP\Library\Think\Controller.class.php 第 69 行.
INFO: [ view_parse ] --START--
INFO: [ template_filter ] --START--
INFO: Run Behavior\ContentReplaceBehavior [ RunTime:0.000084s ]
INFO: [ template_filter ] --END-- [ RunTime:0.000202s ]
INFO: Run Behavior\ParseTemplateBehavior [ RunTime:0.011313s ]
INFO: [ view_parse ] --END-- [ RunTime:0.011385s ]
INFO: [ view_filter ] --START--
INFO: Run Behavior\WriteHtmlCacheBehavior [ RunTime:0.000712s ]
INFO: [ view_filter ] --END-- [ RunTime:0.000815s ]
INFO: [ app_end ] --START--
INFO: Run Behavior\ShowPageTraceBehavior [ RunTime:0.000834s ]
INFO: [ app_end ] --END-- [ RunTime:0.000914s ]

[ 2016-09-26T19:55:10+08:00 ] ::1 /blog/index.php/Home/Index/art/art_id/index.html
INFO: [ app_init ] --START--
INFO: Run Behavior\BuildLiteBehavior [ RunTime:0.000025s ]
INFO: [ app_init ] --END-- [ RunTime:0.000819s ]
INFO: [ app_begin ] --START--
INFO: Run Behavior\ReadHtmlCacheBehavior [ RunTime:0.000813s ]
INFO: [ app_begin ] --END-- [ RunTime:0.000924s ]
SQL: SHOW COLUMNS FROM `art` [ RunTime:0.0160s ]
SQL: SELECT * FROM `art` WHERE `art_id` = 0 LIMIT 1   [ RunTime:0.0003s ]
NOTIC: [2] Missing argument 1 for Think\Controller::show(), called in D:\xampp\htdocs\blog\Home\Controller\IndexController.class.php on line 23 and defined D:\xampp\htdocs\ThinkPHP\Library\Think\Controller.class.php 第 68 行.
NOTIC: [8] Undefined variable: content D:\xampp\htdocs\ThinkPHP\Library\Think\Controller.class.php 第 69 行.
INFO: [ view_parse ] --START--
INFO: [ template_filter ] --START--
INFO: Run Behavior\ContentReplaceBehavior [ RunTime:0.000085s ]
INFO: [ template_filter ] --END-- [ RunTime:0.000155s ]
INFO: Run Behavior\ParseTemplateBehavior [ RunTime:0.009731s ]
INFO: [ view_parse ] --END-- [ RunTime:0.009795s ]
INFO: [ view_filter ] --START--
INFO: Run Behavior\WriteHtmlCacheBehavior [ RunTime:0.000275s ]
INFO: [ view_filter ] --END-- [ RunTime:0.000320s ]
INFO: [ app_end ] --START--
INFO: Run Behavior\ShowPageTraceBehavior [ RunTime:0.000599s ]
INFO: [ app_end ] --END-- [ RunTime:0.000659s ]

[ 2016-09-26T19:55:11+08:00 ] ::1 /blog/index.php/Home/Index/art/art_id/about.html
INFO: [ app_init ] --START--
INFO: Run Behavior\BuildLiteBehavior [ RunTime:0.000015s ]
INFO: [ app_init ] --END-- [ RunTime:0.000405s ]
INFO: [ app_begin ] --START--
INFO: Run Behavior\ReadHtmlCacheBehavior [ RunTime:0.000846s ]
INFO: [ app_begin ] --END-- [ RunTime:0.000947s ]
SQL: SHOW COLUMNS FROM `art` [ RunTime:0.0197s ]
SQL: SELECT * FROM `art` WHERE `art_id` = 0 LIMIT 1   [ RunTime:0.0004s ]
NOTIC: [2] Missing argument 1 for Think\Controller::show(), called in D:\xampp\htdocs\blog\Home\Controller\IndexController.class.php on line 23 and defined D:\xampp\htdocs\ThinkPHP\Library\Think\Controller.class.php 第 68 行.
NOTIC: [8] Undefined variable: content D:\xampp\htdocs\ThinkPHP\Library\Think\Controller.class.php 第 69 行.
INFO: [ view_parse ] --START--
INFO: [ template_filter ] --START--
INFO: Run Behavior\ContentReplaceBehavior [ RunTime:0.000095s ]
INFO: [ template_filter ] --END-- [ RunTime:0.000190s ]
INFO: Run Behavior\ParseTemplateBehavior [ RunTime:0.010266s ]
INFO: [ view_parse ] --END-- [ RunTime:0.010363s ]
INFO: [ view_filter ] --START--
INFO: Run Behavior\WriteHtmlCacheBehavior [ RunTime:0.000407s ]
INFO: [ view_filter ] --END-- [ RunTime:0.000483s ]
INFO: [ app_end ] --START--
INFO: Run Behavior\ShowPageTraceBehavior [ RunTime:0.000877s ]
INFO: [ app_end ] --END-- [ RunTime:0.000962s ]

[ 2016-09-26T19:56:19+08:00 ] ::1 /blog/index.php/Home/Index/art/art_id/about.html
INFO: [ app_init ] --START--
INFO: Run Behavior\BuildLiteBehavior [ RunTime:0.000011s ]
INFO: [ app_init ] --END-- [ RunTime:0.000321s ]
INFO: [ app_begin ] --START--
INFO: Run Behavior\ReadHtmlCacheBehavior [ RunTime:0.000413s ]
INFO: [ app_begin ] --END-- [ RunTime:0.000457s ]
SQL: SHOW COLUMNS FROM `art` [ RunTime:0.0192s ]
SQL: SELECT * FROM `art` WHERE `art_id` = 0 LIMIT 1   [ RunTime:0.0004s ]
NOTIC: [2] Missing argument 1 for Think\Controller::show(), called in D:\xampp\htdocs\blog\Home\Controller\IndexController.class.php on line 23 and defined D:\xampp\htdocs\ThinkPHP\Library\Think\Controller.class.php 第 68 行.
NOTIC: [8] Undefined variable: content D:\xampp\htdocs\ThinkPHP\Library\Think\Controller.class.php 第 69 行.
INFO: [ view_parse ] --START--
INFO: [ template_filter ] --START--
INFO: Run Behavior\ContentReplaceBehavior [ RunTime:0.000055s ]
INFO: [ template_filter ] --END-- [ RunTime:0.000103s ]
INFO: Run Behavior\ParseTemplateBehavior [ RunTime:0.006928s ]
INFO: [ view_parse ] --END-- [ RunTime:0.006990s ]
INFO: [ view_filter ] --START--
INFO: Run Behavior\WriteHtmlCacheBehavior [ RunTime:0.000254s ]
INFO: [ view_filter ] --END-- [ RunTime:0.000297s ]
INFO: [ app_end ] --START--
INFO: Run Behavior\ShowPageTraceBehavior [ RunTime:0.000485s ]
INFO: [ app_end ] --END-- [ RunTime:0.000528s ]

[ 2016-09-26T19:56:20+08:00 ] ::1 /blog/index.php/Home/Index/art/art_id/index.html
INFO: [ app_init ] --START--
INFO: Run Behavior\BuildLiteBehavior [ RunTime:0.000024s ]
INFO: [ app_init ] --END-- [ RunTime:0.000680s ]
INFO: [ app_begin ] --START--
INFO: Run Behavior\ReadHtmlCacheBehavior [ RunTime:0.001384s ]
INFO: [ app_begin ] --END-- [ RunTime:0.001570s ]
SQL: SHOW COLUMNS FROM `art` [ RunTime:0.0174s ]
SQL: SELECT * FROM `art` WHERE `art_id` = 0 LIMIT 1   [ RunTime:0.0005s ]
NOTIC: [2] Missing argument 1 for Think\Controller::show(), called in D:\xampp\htdocs\blog\Home\Controller\IndexController.class.php on line 23 and defined D:\xampp\htdocs\ThinkPHP\Library\Think\Controller.class.php 第 68 行.
NOTIC: [8] Undefined variable: content D:\xampp\htdocs\ThinkPHP\Library\Think\Controller.class.php 第 69 行.
INFO: [ view_parse ] --START--
INFO: [ template_filter ] --START--
INFO: Run Behavior\ContentReplaceBehavior [ RunTime:0.000062s ]
INFO: [ template_filter ] --END-- [ RunTime:0.000126s ]
INFO: Run Behavior\ParseTemplateBehavior [ RunTime:0.010233s ]
INFO: [ view_parse ] --END-- [ RunTime:0.010317s ]
INFO: [ view_filter ] --START--
INFO: Run Behavior\WriteHtmlCacheBehavior [ RunTime:0.000328s ]
INFO: [ view_filter ] --END-- [ RunTime:0.000422s ]
INFO: [ app_end ] --START--
INFO: Run Behavior\ShowPageTraceBehavior [ RunTime:0.000719s ]
INFO: [ app_end ] --END-- [ RunTime:0.000787s ]

[ 2016-09-26T19:56:30+08:00 ] ::1 /blog/index.php/Home/Index/
INFO: [ app_init ] --START--
INFO: Run Behavior\BuildLiteBehavior [ RunTime:0.000021s ]
INFO: [ app_init ] --END-- [ RunTime:0.000577s ]
INFO: [ app_begin ] --START--
INFO: Run Behavior\ReadHtmlCacheBehavior [ RunTime:0.000714s ]
INFO: [ app_begin ] --END-- [ RunTime:0.000797s ]
SQL: SHOW COLUMNS FROM `art` [ RunTime:0.0154s ]
SQL: SELECT * FROM `art`  [ RunTime:0.0005s ]
NOTIC: [2] Missing argument 1 for Think\Controller::show(), called in D:\xampp\htdocs\blog\Home\Controller\IndexController.class.php on line 10 and defined D:\xampp\htdocs\ThinkPHP\Library\Think\Controller.class.php 第 68 行.
NOTIC: [8] Undefined variable: content D:\xampp\htdocs\ThinkPHP\Library\Think\Controller.class.php 第 69 行.
INFO: [ view_parse ] --START--
INFO: [ template_filter ] --START--
INFO: Run Behavior\ContentReplaceBehavior [ RunTime:0.000085s ]
INFO: [ template_filter ] --END-- [ RunTime:0.000170s ]
NOTIC: [8] Use of undefined constant art_id - assumed 'art_id' D:\xampp\htdocs\blog\Runtime\Cache\Home\9fd615a7c1fcdddda609372a495acc38.php 第 61 行.
NOTIC: [8] Use of undefined constant art_id - assumed 'art_id' D:\xampp\htdocs\blog\Runtime\Cache\Home\9fd615a7c1fcdddda609372a495acc38.php 第 61 行.
NOTIC: [8] Use of undefined constant art_id - assumed 'art_id' D:\xampp\htdocs\blog\Runtime\Cache\Home\9fd615a7c1fcdddda609372a495acc38.php 第 61 行.
NOTIC: [8] Use of undefined constant art_id - assumed 'art_id' D:\xampp\htdocs\blog\Runtime\Cache\Home\9fd615a7c1fcdddda609372a495acc38.php 第 61 行.
NOTIC: [8] Use of undefined constant art_id - assumed 'art_id' D:\xampp\htdocs\blog\Runtime\Cache\Home\9fd615a7c1fcdddda609372a495acc38.php 第 61 行.
NOTIC: [8] Use of undefined constant art_id - assumed 'art_id' D:\xampp\htdocs\blog\Runtime\Cache\Home\9fd615a7c1fcdddda609372a495acc38.php 第 61 行.
NOTIC: [8] Use of undefined constant art_id - assumed 'art_id' D:\xampp\htdocs\blog\Runtime\Cache\Home\9fd615a7c1fcdddda609372a495acc38.php 第 61 行.
NOTIC: [8] Use of undefined constant art_id - assumed 'art_id' D:\xampp\htdocs\blog\Runtime\Cache\Home\9fd615a7c1fcdddda609372a495acc38.php 第 61 行.
NOTIC: [8] Use of undefined constant art_id - assumed 'art_id' D:\xampp\htdocs\blog\Runtime\Cache\Home\9fd615a7c1fcdddda609372a495acc38.php 第 61 行.
NOTIC: [8] Use of undefined constant art_id - assumed 'art_id' D:\xampp\htdocs\blog\Runtime\Cache\Home\9fd615a7c1fcdddda609372a495acc38.php 第 61 行.
NOTIC: [8] Use of undefined constant art_id - assumed 'art_id' D:\xampp\htdocs\blog\Runtime\Cache\Home\9fd615a7c1fcdddda609372a495acc38.php 第 61 行.
NOTIC: [8] Use of undefined constant art_id - assumed 'art_id' D:\xampp\htdocs\blog\Runtime\Cache\Home\9fd615a7c1fcdddda609372a495acc38.php 第 61 行.
INFO: Run Behavior\ParseTemplateBehavior [ RunTime:0.012790s ]
INFO: [ view_parse ] --END-- [ RunTime:0.012876s ]
INFO: [ view_filter ] --START--
INFO: Run Behavior\WriteHtmlCacheBehavior [ RunTime:0.000379s ]
INFO: [ view_filter ] --END-- [ RunTime:0.000447s ]
INFO: [ app_end ] --START--
INFO: Run Behavior\ShowPageTraceBehavior [ RunTime:0.000692s ]
INFO: [ app_end ] --END-- [ RunTime:0.000764s ]

[ 2016-09-26T19:56:32+08:00 ] ::1 /blog/index.php/Home/Index/about.html
INFO: [ app_init ] --START--
INFO: Run Behavior\BuildLiteBehavior [ RunTime:0.000024s ]
INFO: [ app_init ] --END-- [ RunTime:0.000689s ]
INFO: [ app_begin ] --START--
INFO: Run Behavior\ReadHtmlCacheBehavior [ RunTime:0.001187s ]
INFO: [ app_begin ] --END-- [ RunTime:0.001357s ]
NOTIC: [2] Missing argument 1 for Think\Controller::show(), called in D:\xampp\htdocs\blog\Home\Controller\IndexController.class.php on line 16 and defined D:\xampp\htdocs\ThinkPHP\Library\Think\Controller.class.php 第 68 行.
NOTIC: [8] Undefined variable: content D:\xampp\htdocs\ThinkPHP\Library\Think\Controller.class.php 第 69 行.
INFO: [ view_parse ] --START--
INFO: [ template_filter ] --START--
INFO: Run Behavior\ContentReplaceBehavior [ RunTime:0.000081s ]
INFO: [ template_filter ] --END-- [ RunTime:0.000176s ]
INFO: Run Behavior\ParseTemplateBehavior [ RunTime:0.057212s ]
INFO: [ view_parse ] --END-- [ RunTime:0.057293s ]
INFO: [ view_filter ] --START--
INFO: Run Behavior\WriteHtmlCacheBehavior [ RunTime:0.000294s ]
INFO: [ view_filter ] --END-- [ RunTime:0.000343s ]
INFO: [ app_end ] --START--
INFO: Run Behavior\ShowPageTraceBehavior [ RunTime:0.000560s ]
INFO: [ app_end ] --END-- [ RunTime:0.000605s ]

[ 2016-09-26T19:56:34+08:00 ] ::1 /blog/index.php/Home/Index.html
INFO: [ app_init ] --START--
INFO: Run Behavior\BuildLiteBehavior [ RunTime:0.000019s ]
INFO: [ app_init ] --END-- [ RunTime:0.000535s ]
INFO: [ app_begin ] --START--
INFO: Run Behavior\ReadHtmlCacheBehavior [ RunTime:0.000652s ]
INFO: [ app_begin ] --END-- [ RunTime:0.000724s ]
SQL: SHOW COLUMNS FROM `art` [ RunTime:0.0187s ]
SQL: SELECT * FROM `art`  [ RunTime:0.0004s ]
NOTIC: [2] Missing argument 1 for Think\Controller::show(), called in D:\xampp\htdocs\blog\Home\Controller\IndexController.class.php on line 10 and defined D:\xampp\htdocs\ThinkPHP\Library\Think\Controller.class.php 第 68 行.
NOTIC: [8] Undefined variable: content D:\xampp\htdocs\ThinkPHP\Library\Think\Controller.class.php 第 69 行.
INFO: [ view_parse ] --START--
INFO: [ template_filter ] --START--
INFO: Run Behavior\ContentReplaceBehavior [ RunTime:0.000120s ]
INFO: [ template_filter ] --END-- [ RunTime:0.000237s ]
NOTIC: [8] Use of undefined constant art_id - assumed 'art_id' D:\xampp\htdocs\blog\Runtime\Cache\Home\9fd615a7c1fcdddda609372a495acc38.php 第 61 行.
NOTIC: [8] Use of undefined constant art_id - assumed 'art_id' D:\xampp\htdocs\blog\Runtime\Cache\Home\9fd615a7c1fcdddda609372a495acc38.php 第 61 行.
NOTIC: [8] Use of undefined constant art_id - assumed 'art_id' D:\xampp\htdocs\blog\Runtime\Cache\Home\9fd615a7c1fcdddda609372a495acc38.php 第 61 行.
NOTIC: [8] Use of undefined constant art_id - assumed 'art_id' D:\xampp\htdocs\blog\Runtime\Cache\Home\9fd615a7c1fcdddda609372a495acc38.php 第 61 行.
NOTIC: [8] Use of undefined constant art_id - assumed 'art_id' D:\xampp\htdocs\blog\Runtime\Cache\Home\9fd615a7c1fcdddda609372a495acc38.php 第 61 行.
NOTIC: [8] Use of undefined constant art_id - assumed 'art_id' D:\xampp\htdocs\blog\Runtime\Cache\Home\9fd615a7c1fcdddda609372a495acc38.php 第 61 行.
NOTIC: [8] Use of undefined constant art_id - assumed 'art_id' D:\xampp\htdocs\blog\Runtime\Cache\Home\9fd615a7c1fcdddda609372a495acc38.php 第 61 行.
NOTIC: [8] Use of undefined constant art_id - assumed 'art_id' D:\xampp\htdocs\blog\Runtime\Cache\Home\9fd615a7c1fcdddda609372a495acc38.php 第 61 行.
NOTIC: [8] Use of undefined constant art_id - assumed 'art_id' D:\xampp\htdocs\blog\Runtime\Cache\Home\9fd615a7c1fcdddda609372a495acc38.php 第 61 行.
NOTIC: [8] Use of undefined constant art_id - assumed 'art_id' D:\xampp\htdocs\blog\Runtime\Cache\Home\9fd615a7c1fcdddda609372a495acc38.php 第 61 行.
NOTIC: [8] Use of undefined constant art_id - assumed 'art_id' D:\xampp\htdocs\blog\Runtime\Cache\Home\9fd615a7c1fcdddda609372a495acc38.php 第 61 行.
NOTIC: [8] Use of undefined constant art_id - assumed 'art_id' D:\xampp\htdocs\blog\Runtime\Cache\Home\9fd615a7c1fcdddda609372a495acc38.php 第 61 行.
INFO: Run Behavior\ParseTemplateBehavior [ RunTime:0.010702s ]
INFO: [ view_parse ] --END-- [ RunTime:0.010761s ]
INFO: [ view_filter ] --START--
INFO: Run Behavior\WriteHtmlCacheBehavior [ RunTime:0.000317s ]
INFO: [ view_filter ] --END-- [ RunTime:0.000365s ]
INFO: [ app_end ] --START--
INFO: Run Behavior\ShowPageTraceBehavior [ RunTime:0.000581s ]
INFO: [ app_end ] --END-- [ RunTime:0.000631s ]

[ 2016-09-26T19:56:36+08:00 ] ::1 /blog/index.php/Home/Index/contact.html
INFO: [ app_init ] --START--
INFO: Run Behavior\BuildLiteBehavior [ RunTime:0.000022s ]
INFO: [ app_init ] --END-- [ RunTime:0.000580s ]
INFO: [ app_begin ] --START--
INFO: Run Behavior\ReadHtmlCacheBehavior [ RunTime:0.000682s ]
INFO: [ app_begin ] --END-- [ RunTime:0.000759s ]
NOTIC: [2] Missing argument 1 for Think\Controller::show(), called in D:\xampp\htdocs\blog\Home\Controller\IndexController.class.php on line 13 and defined D:\xampp\htdocs\ThinkPHP\Library\Think\Controller.class.php 第 68 行.
NOTIC: [8] Undefined variable: content D:\xampp\htdocs\ThinkPHP\Library\Think\Controller.class.php 第 69 行.
INFO: [ view_parse ] --START--
INFO: [ template_filter ] --START--
INFO: Run Behavior\ContentReplaceBehavior [ RunTime:0.000136s ]
INFO: [ template_filter ] --END-- [ RunTime:0.000234s ]
INFO: Run Behavior\ParseTemplateBehavior [ RunTime:0.059162s ]
INFO: [ view_parse ] --END-- [ RunTime:0.059248s ]
INFO: [ view_filter ] --START--
INFO: Run Behavior\WriteHtmlCacheBehavior [ RunTime:0.000374s ]
INFO: [ view_filter ] --END-- [ RunTime:0.000437s ]
INFO: [ app_end ] --START--
INFO: Run Behavior\ShowPageTraceBehavior [ RunTime:0.000685s ]
INFO: [ app_end ] --END-- [ RunTime:0.000753s ]

[ 2016-09-26T19:56:38+08:00 ] ::1 /blog/index.php/Home/Index/index.html
INFO: [ app_init ] --START--
INFO: Run Behavior\BuildLiteBehavior [ RunTime:0.000014s ]
INFO: [ app_init ] --END-- [ RunTime:0.000390s ]
INFO: [ app_begin ] --START--
INFO: Run Behavior\ReadHtmlCacheBehavior [ RunTime:0.000511s ]
INFO: [ app_begin ] --END-- [ RunTime:0.000571s ]
SQL: SHOW COLUMNS FROM `art` [ RunTime:0.0186s ]
SQL: SELECT * FROM `art`  [ RunTime:0.0004s ]
NOTIC: [2] Missing argument 1 for Think\Controller::show(), called in D:\xampp\htdocs\blog\Home\Controller\IndexController.class.php on line 10 and defined D:\xampp\htdocs\ThinkPHP\Library\Think\Controller.class.php 第 68 行.
NOTIC: [8] Undefined variable: content D:\xampp\htdocs\ThinkPHP\Library\Think\Controller.class.php 第 69 行.
INFO: [ view_parse ] --START--
INFO: [ template_filter ] --START--
INFO: Run Behavior\ContentReplaceBehavior [ RunTime:0.000061s ]
INFO: [ template_filter ] --END-- [ RunTime:0.000120s ]
NOTIC: [8] Use of undefined constant art_id - assumed 'art_id' D:\xampp\htdocs\blog\Runtime\Cache\Home\9fd615a7c1fcdddda609372a495acc38.php 第 61 行.
NOTIC: [8] Use of undefined constant art_id - assumed 'art_id' D:\xampp\htdocs\blog\Runtime\Cache\Home\9fd615a7c1fcdddda609372a495acc38.php 第 61 行.
NOTIC: [8] Use of undefined constant art_id - assumed 'art_id' D:\xampp\htdocs\blog\Runtime\Cache\Home\9fd615a7c1fcdddda609372a495acc38.php 第 61 行.
NOTIC: [8] Use of undefined constant art_id - assumed 'art_id' D:\xampp\htdocs\blog\Runtime\Cache\Home\9fd615a7c1fcdddda609372a495acc38.php 第 61 行.
NOTIC: [8] Use of undefined constant art_id - assumed 'art_id' D:\xampp\htdocs\blog\Runtime\Cache\Home\9fd615a7c1fcdddda609372a495acc38.php 第 61 行.
NOTIC: [8] Use of undefined constant art_id - assumed 'art_id' D:\xampp\htdocs\blog\Runtime\Cache\Home\9fd615a7c1fcdddda609372a495acc38.php 第 61 行.
NOTIC: [8] Use of undefined constant art_id - assumed 'art_id' D:\xampp\htdocs\blog\Runtime\Cache\Home\9fd615a7c1fcdddda609372a495acc38.php 第 61 行.
NOTIC: [8] Use of undefined constant art_id - assumed 'art_id' D:\xampp\htdocs\blog\Runtime\Cache\Home\9fd615a7c1fcdddda609372a495acc38.php 第 61 行.
NOTIC: [8] Use of undefined constant art_id - assumed 'art_id' D:\xampp\htdocs\blog\Runtime\Cache\Home\9fd615a7c1fcdddda609372a495acc38.php 第 61 行.
NOTIC: [8] Use of undefined constant art_id - assumed 'art_id' D:\xampp\htdocs\blog\Runtime\Cache\Home\9fd615a7c1fcdddda609372a495acc38.php 第 61 行.
NOTIC: [8] Use of undefined constant art_id - assumed 'art_id' D:\xampp\htdocs\blog\Runtime\Cache\Home\9fd615a7c1fcdddda609372a495acc38.php 第 61 行.
NOTIC: [8] Use of undefined constant art_id - assumed 'art_id' D:\xampp\htdocs\blog\Runtime\Cache\Home\9fd615a7c1fcdddda609372a495acc38.php 第 61 行.
INFO: Run Behavior\ParseTemplateBehavior [ RunTime:0.009494s ]
INFO: [ view_parse ] --END-- [ RunTime:0.009550s ]
INFO: [ view_filter ] --START--
INFO: Run Behavior\WriteHtmlCacheBehavior [ RunTime:0.000296s ]
INFO: [ view_filter ] --END-- [ RunTime:0.000338s ]
INFO: [ app_end ] --START--
INFO: Run Behavior\ShowPageTraceBehavior [ RunTime:0.000489s ]
INFO: [ app_end ] --END-- [ RunTime:0.000536s ]

[ 2016-09-26T19:56:40+08:00 ] ::1 /blog/index.php/Home/Index/about.html
INFO: [ app_init ] --START--
INFO: Run Behavior\BuildLiteBehavior [ RunTime:0.000034s ]
INFO: [ app_init ] --END-- [ RunTime:0.000777s ]
INFO: [ app_begin ] --START--
INFO: Run Behavior\ReadHtmlCacheBehavior [ RunTime:0.001052s ]
INFO: [ app_begin ] --END-- [ RunTime:0.001176s ]
NOTIC: [2] Missing argument 1 for Think\Controller::show(), called in D:\xampp\htdocs\blog\Home\Controller\IndexController.class.php on line 16 and defined D:\xampp\htdocs\ThinkPHP\Library\Think\Controller.class.php 第 68 行.
NOTIC: [8] Undefined variable: content D:\xampp\htdocs\ThinkPHP\Library\Think\Controller.class.php 第 69 行.
INFO: [ view_parse ] --START--
INFO: [ template_filter ] --START--
INFO: Run Behavior\ContentReplaceBehavior [ RunTime:0.000101s ]
INFO: [ template_filter ] --END-- [ RunTime:0.000208s ]
INFO: Run Behavior\ParseTemplateBehavior [ RunTime:0.012932s ]
INFO: [ view_parse ] --END-- [ RunTime:0.013018s ]
INFO: [ view_filter ] --START--
INFO: Run Behavior\WriteHtmlCacheBehavior [ RunTime:0.000316s ]
INFO: [ view_filter ] --END-- [ RunTime:0.000381s ]
INFO: [ app_end ] --START--
INFO: Run Behavior\ShowPageTraceBehavior [ RunTime:0.000701s ]
INFO: [ app_end ] --END-- [ RunTime:0.000759s ]

[ 2016-09-26T19:56:40+08:00 ] ::1 /blog/index.php/Home/Index/contact.html
INFO: [ app_init ] --START--
INFO: Run Behavior\BuildLiteBehavior [ RunTime:0.000025s ]
INFO: [ app_init ] --END-- [ RunTime:0.000825s ]
INFO: [ app_begin ] --START--
INFO: Run Behavior\ReadHtmlCacheBehavior [ RunTime:0.000806s ]
INFO: [ app_begin ] --END-- [ RunTime:0.000893s ]
NOTIC: [2] Missing argument 1 for Think\Controller::show(), called in D:\xampp\htdocs\blog\Home\Controller\IndexController.class.php on line 13 and defined D:\xampp\htdocs\ThinkPHP\Library\Think\Controller.class.php 第 68 行.
NOTIC: [8] Undefined variable: content D:\xampp\htdocs\ThinkPHP\Library\Think\Controller.class.php 第 69 行.
INFO: [ view_parse ] --START--
INFO: [ template_filter ] --START--
INFO: Run Behavior\ContentReplaceBehavior [ RunTime:0.000115s ]
INFO: [ template_filter ] --END-- [ RunTime:0.000214s ]
INFO: Run Behavior\ParseTemplateBehavior [ RunTime:0.011199s ]
INFO: [ view_parse ] --END-- [ RunTime:0.011379s ]
INFO: [ view_filter ] --START--
INFO: Run Behavior\WriteHtmlCacheBehavior [ RunTime:0.000832s ]
INFO: [ view_filter ] --END-- [ RunTime:0.000970s ]
INFO: [ app_end ] --START--
INFO: Run Behavior\ShowPageTraceBehavior [ RunTime:0.000957s ]
INFO: [ app_end ] --END-- [ RunTime:0.001035s ]

[ 2016-09-26T19:57:29+08:00 ] ::1 /blog/index.php/Home/Index/contact.html
INFO: [ app_init ] --START--
INFO: Run Behavior\BuildLiteBehavior [ RunTime:0.000013s ]
INFO: [ app_init ] --END-- [ RunTime:0.000415s ]
INFO: [ app_begin ] --START--
INFO: Run Behavior\ReadHtmlCacheBehavior [ RunTime:0.000633s ]
INFO: [ app_begin ] --END-- [ RunTime:0.000685s ]
NOTIC: [2] Missing argument 1 for Think\Controller::show(), called in D:\xampp\htdocs\blog\Home\Controller\IndexController.class.php on line 13 and defined D:\xampp\htdocs\ThinkPHP\Library\Think\Controller.class.php 第 68 行.
NOTIC: [8] Undefined variable: content D:\xampp\htdocs\ThinkPHP\Library\Think\Controller.class.php 第 69 行.
INFO: [ view_parse ] --START--
INFO: [ template_filter ] --START--
INFO: Run Behavior\ContentReplaceBehavior [ RunTime:0.000061s ]
INFO: [ template_filter ] --END-- [ RunTime:0.000119s ]
INFO: Run Behavior\ParseTemplateBehavior [ RunTime:0.008106s ]
INFO: [ view_parse ] --END-- [ RunTime:0.008162s ]
INFO: [ view_filter ] --START--
INFO: Run Behavior\WriteHtmlCacheBehavior [ RunTime:0.000360s ]
INFO: [ view_filter ] --END-- [ RunTime:0.000400s ]
INFO: [ app_end ] --START--
INFO: Run Behavior\ShowPageTraceBehavior [ RunTime:0.000597s ]
INFO: [ app_end ] --END-- [ RunTime:0.000639s ]

[ 2016-09-26T19:57:35+08:00 ] ::1 /blog/index.php/Home/Index/index.html
INFO: [ app_init ] --START--
INFO: Run Behavior\BuildLiteBehavior [ RunTime:0.000015s ]
INFO: [ app_init ] --END-- [ RunTime:0.000472s ]
INFO: [ app_begin ] --START--
INFO: Run Behavior\ReadHtmlCacheBehavior [ RunTime:0.000679s ]
INFO: [ app_begin ] --END-- [ RunTime:0.000747s ]
SQL: SHOW COLUMNS FROM `art` [ RunTime:0.0152s ]
SQL: SELECT * FROM `art`  [ RunTime:0.0004s ]
NOTIC: [2] Missing argument 1 for Think\Controller::show(), called in D:\xampp\htdocs\blog\Home\Controller\IndexController.class.php on line 10 and defined D:\xampp\htdocs\ThinkPHP\Library\Think\Controller.class.php 第 68 行.
NOTIC: [8] Undefined variable: content D:\xampp\htdocs\ThinkPHP\Library\Think\Controller.class.php 第 69 行.
INFO: [ view_parse ] --START--
INFO: [ template_filter ] --START--
INFO: Run Behavior\ContentReplaceBehavior [ RunTime:0.000057s ]
INFO: [ template_filter ] --END-- [ RunTime:0.000113s ]
NOTIC: [8] Use of undefined constant art_id - assumed 'art_id' D:\xampp\htdocs\blog\Runtime\Cache\Home\9fd615a7c1fcdddda609372a495acc38.php 第 61 行.
NOTIC: [8] Use of undefined constant art_id - assumed 'art_id' D:\xampp\htdocs\blog\Runtime\Cache\Home\9fd615a7c1fcdddda609372a495acc38.php 第 61 行.
NOTIC: [8] Use of undefined constant art_id - assumed 'art_id' D:\xampp\htdocs\blog\Runtime\Cache\Home\9fd615a7c1fcdddda609372a495acc38.php 第 61 行.
NOTIC: [8] Use of undefined constant art_id - assumed 'art_id' D:\xampp\htdocs\blog\Runtime\Cache\Home\9fd615a7c1fcdddda609372a495acc38.php 第 61 行.
NOTIC: [8] Use of undefined constant art_id - assumed 'art_id' D:\xampp\htdocs\blog\Runtime\Cache\Home\9fd615a7c1fcdddda609372a495acc38.php 第 61 行.
NOTIC: [8] Use of undefined constant art_id - assumed 'art_id' D:\xampp\htdocs\blog\Runtime\Cache\Home\9fd615a7c1fcdddda609372a495acc38.php 第 61 行.
NOTIC: [8] Use of undefined constant art_id - assumed 'art_id' D:\xampp\htdocs\blog\Runtime\Cache\Home\9fd615a7c1fcdddda609372a495acc38.php 第 61 行.
NOTIC: [8] Use of undefined constant art_id - assumed 'art_id' D:\xampp\htdocs\blog\Runtime\Cache\Home\9fd615a7c1fcdddda609372a495acc38.php 第 61 行.
NOTIC: [8] Use of undefined constant art_id - assumed 'art_id' D:\xampp\htdocs\blog\Runtime\Cache\Home\9fd615a7c1fcdddda609372a495acc38.php 第 61 行.
NOTIC: [8] Use of undefined constant art_id - assumed 'art_id' D:\xampp\htdocs\blog\Runtime\Cache\Home\9fd615a7c1fcdddda609372a495acc38.php 第 61 行.
NOTIC: [8] Use of undefined constant art_id - assumed 'art_id' D:\xampp\htdocs\blog\Runtime\Cache\Home\9fd615a7c1fcdddda609372a495acc38.php 第 61 行.
NOTIC: [8] Use of undefined constant art_id - assumed 'art_id' D:\xampp\htdocs\blog\Runtime\Cache\Home\9fd615a7c1fcdddda609372a495acc38.php 第 61 行.
INFO: Run Behavior\ParseTemplateBehavior [ RunTime:0.010243s ]
INFO: [ view_parse ] --END-- [ RunTime:0.010315s ]
INFO: [ view_filter ] --START--
INFO: Run Behavior\WriteHtmlCacheBehavior [ RunTime:0.000681s ]
INFO: [ view_filter ] --END-- [ RunTime:0.000742s ]
INFO: [ app_end ] --START--
INFO: Run Behavior\ShowPageTraceBehavior [ RunTime:0.000627s ]
INFO: [ app_end ] --END-- [ RunTime:0.000704s ]

[ 2016-09-26T21:13:51+08:00 ] ::1 /blog/index.php/Home/Index/suggest.html
INFO: [ app_init ] --START--
INFO: Run Behavior\BuildLiteBehavior [ RunTime:0.000015s ]
INFO: [ app_init ] --END-- [ RunTime:0.000592s ]
INFO: [ app_begin ] --START--
INFO: Run Behavior\ReadHtmlCacheBehavior [ RunTime:0.000622s ]
INFO: [ app_begin ] --END-- [ RunTime:0.000678s ]
INFO: [ app_end ] --START--
INFO: Run Behavior\ShowPageTraceBehavior [ RunTime:0.000564s ]
INFO: [ app_end ] --END-- [ RunTime:0.000619s ]

[ 2016-09-26T21:28:13+08:00 ] ::1 /blog/index.php/Home/Index/contact.html
INFO: [ app_init ] --START--
INFO: Run Behavior\BuildLiteBehavior [ RunTime:0.000024s ]
INFO: [ app_init ] --END-- [ RunTime:0.000772s ]
INFO: [ app_begin ] --START--
INFO: Run Behavior\ReadHtmlCacheBehavior [ RunTime:0.000771s ]
INFO: [ app_begin ] --END-- [ RunTime:0.000843s ]
NOTIC: [2] Missing argument 1 for Think\Controller::show(), called in D:\xampp\htdocs\blog\Home\Controller\IndexController.class.php on line 13 and defined D:\xampp\htdocs\ThinkPHP\Library\Think\Controller.class.php 第 68 行.
NOTIC: [8] Undefined variable: content D:\xampp\htdocs\ThinkPHP\Library\Think\Controller.class.php 第 69 行.
INFO: [ view_parse ] --START--
INFO: [ template_filter ] --START--
INFO: Run Behavior\ContentReplaceBehavior [ RunTime:0.000112s ]
INFO: [ template_filter ] --END-- [ RunTime:0.000221s ]
INFO: Run Behavior\ParseTemplateBehavior [ RunTime:0.077456s ]
INFO: [ view_parse ] --END-- [ RunTime:0.077541s ]
INFO: [ view_filter ] --START--
INFO: Run Behavior\WriteHtmlCacheBehavior [ RunTime:0.000672s ]
INFO: [ view_filter ] --END-- [ RunTime:0.000732s ]
INFO: [ app_end ] --START--
INFO: Run Behavior\ShowPageTraceBehavior [ RunTime:0.000708s ]
INFO: [ app_end ] --END-- [ RunTime:0.000761s ]

[ 2016-09-26T21:28:15+08:00 ] ::1 /blog/index.php/Home/Index/index.html
INFO: [ app_init ] --START--
INFO: Run Behavior\BuildLiteBehavior [ RunTime:0.000019s ]
INFO: [ app_init ] --END-- [ RunTime:0.000573s ]
INFO: [ app_begin ] --START--
INFO: Run Behavior\ReadHtmlCacheBehavior [ RunTime:0.000771s ]
INFO: [ app_begin ] --END-- [ RunTime:0.000861s ]
SQL: SHOW COLUMNS FROM `art` [ RunTime:0.0299s ]
SQL: SELECT * FROM `art`  [ RunTime:0.0006s ]
NOTIC: [2] Missing argument 1 for Think\Controller::show(), called in D:\xampp\htdocs\blog\Home\Controller\IndexController.class.php on line 10 and defined D:\xampp\htdocs\ThinkPHP\Library\Think\Controller.class.php 第 68 行.
NOTIC: [8] Undefined variable: content D:\xampp\htdocs\ThinkPHP\Library\Think\Controller.class.php 第 69 行.
INFO: [ view_parse ] --START--
INFO: [ template_filter ] --START--
INFO: Run Behavior\ContentReplaceBehavior [ RunTime:0.000068s ]
INFO: [ template_filter ] --END-- [ RunTime:0.000135s ]
NOTIC: [8] Use of undefined constant art_id - assumed 'art_id' D:\xampp\htdocs\blog\Runtime\Cache\Home\9fd615a7c1fcdddda609372a495acc38.php 第 61 行.
NOTIC: [8] Use of undefined constant art_id - assumed 'art_id' D:\xampp\htdocs\blog\Runtime\Cache\Home\9fd615a7c1fcdddda609372a495acc38.php 第 61 行.
NOTIC: [8] Use of undefined constant art_id - assumed 'art_id' D:\xampp\htdocs\blog\Runtime\Cache\Home\9fd615a7c1fcdddda609372a495acc38.php 第 61 行.
NOTIC: [8] Use of undefined constant art_id - assumed 'art_id' D:\xampp\htdocs\blog\Runtime\Cache\Home\9fd615a7c1fcdddda609372a495acc38.php 第 61 行.
NOTIC: [8] Use of undefined constant art_id - assumed 'art_id' D:\xampp\htdocs\blog\Runtime\Cache\Home\9fd615a7c1fcdddda609372a495acc38.php 第 61 行.
NOTIC: [8] Use of undefined constant art_id - assumed 'art_id' D:\xampp\htdocs\blog\Runtime\Cache\Home\9fd615a7c1fcdddda609372a495acc38.php 第 61 行.
NOTIC: [8] Use of undefined constant art_id - assumed 'art_id' D:\xampp\htdocs\blog\Runtime\Cache\Home\9fd615a7c1fcdddda609372a495acc38.php 第 61 行.
NOTIC: [8] Use of undefined constant art_id - assumed 'art_id' D:\xampp\htdocs\blog\Runtime\Cache\Home\9fd615a7c1fcdddda609372a495acc38.php 第 61 行.
NOTIC: [8] Use of undefined constant art_id - assumed 'art_id' D:\xampp\htdocs\blog\Runtime\Cache\Home\9fd615a7c1fcdddda609372a495acc38.php 第 61 行.
NOTIC: [8] Use of undefined constant art_id - assumed 'art_id' D:\xampp\htdocs\blog\Runtime\Cache\Home\9fd615a7c1fcdddda609372a495acc38.php 第 61 行.
NOTIC: [8] Use of undefined constant art_id - assumed 'art_id' D:\xampp\htdocs\blog\Runtime\Cache\Home\9fd615a7c1fcdddda609372a495acc38.php 第 61 行.
NOTIC: [8] Use of undefined constant art_id - assumed 'art_id' D:\xampp\htdocs\blog\Runtime\Cache\Home\9fd615a7c1fcdddda609372a495acc38.php 第 61 行.
INFO: Run Behavior\ParseTemplateBehavior [ RunTime:0.098850s ]
INFO: [ view_parse ] --END-- [ RunTime:0.098940s ]
INFO: [ view_filter ] --START--
INFO: Run Behavior\WriteHtmlCacheBehavior [ RunTime:0.000623s ]
INFO: [ view_filter ] --END-- [ RunTime:0.001225s ]
INFO: [ app_end ] --START--
INFO: Run Behavior\ShowPageTraceBehavior [ RunTime:0.001090s ]
INFO: [ app_end ] --END-- [ RunTime:0.001185s ]

