[ 2016-09-20T19:27:37+08:00 ] ::1 /blog/index.php/home/index/
INFO: [ app_init ] --START--
INFO: Run Behavior\BuildLiteBehavior [ RunTime:0.000017s ]
INFO: [ app_init ] --END-- [ RunTime:0.012126s ]
INFO: [ app_begin ] --START--
INFO: Run Behavior\ReadHtmlCacheBehavior [ RunTime:0.013726s ]
INFO: [ app_begin ] --END-- [ RunTime:0.013816s ]

[ 2016-09-20T19:27:52+08:00 ] ::1 /blog/index.php/home/index/index.html
INFO: [ app_init ] --START--
INFO: Run Behavior\BuildLiteBehavior [ RunTime:0.000014s ]
INFO: [ app_init ] --END-- [ RunTime:0.000355s ]
INFO: [ app_begin ] --START--
INFO: Run Behavior\ReadHtmlCacheBehavior [ RunTime:0.000470s ]
INFO: [ app_begin ] --END-- [ RunTime:0.000538s ]

[ 2016-09-20T19:28:09+08:00 ] ::1 /blog/index.php/home/index/index.html
INFO: [ app_init ] --START--
INFO: Run Behavior\BuildLiteBehavior [ RunTime:0.000028s ]
INFO: [ app_init ] --END-- [ RunTime:0.000398s ]
INFO: [ app_begin ] --START--
INFO: Run Behavior\ReadHtmlCacheBehavior [ RunTime:0.000455s ]
INFO: [ app_begin ] --END-- [ RunTime:0.000501s ]

[ 2016-09-20T19:28:17+08:00 ] ::1 /blog/index.php/home/index/index.html
INFO: [ app_init ] --START--
INFO: Run Behavior\BuildLiteBehavior [ RunTime:0.000011s ]
INFO: [ app_init ] --END-- [ RunTime:0.000366s ]
INFO: [ app_begin ] --START--
INFO: Run Behavior\ReadHtmlCacheBehavior [ RunTime:0.000469s ]
INFO: [ app_begin ] --END-- [ RunTime:0.000516s ]

[ 2016-09-20T19:28:29+08:00 ] ::1 /blog/index.php/home/index/index.html
INFO: [ app_init ] --START--
INFO: Run Behavior\BuildLiteBehavior [ RunTime:0.000016s ]
INFO: [ app_init ] --END-- [ RunTime:0.000396s ]
INFO: [ app_begin ] --START--
INFO: Run Behavior\ReadHtmlCacheBehavior [ RunTime:0.000528s ]
INFO: [ app_begin ] --END-- [ RunTime:0.000594s ]
SQL: SHOW COLUMNS FROM `art` [ RunTime:0.0098s ]
SQL: SELECT * FROM `art`  [ RunTime:0.0004s ]
NOTIC: [2] Missing argument 1 for Think\Controller::show(), called in D:\xampp\htdocs\blog\Home\Controller\IndexController.class.php on line 10 and defined D:\xampp\htdocs\ThinkPHP\Library\Think\Controller.class.php 第 68 行.
NOTIC: [8] Undefined variable: content D:\xampp\htdocs\ThinkPHP\Library\Think\Controller.class.php 第 69 行.
INFO: [ view_parse ] --START--
INFO: [ template_filter ] --START--
INFO: Run Behavior\ContentReplaceBehavior [ RunTime:0.000090s ]
INFO: [ template_filter ] --END-- [ RunTime:0.000153s ]
NOTIC: [8] Use of undefined constant art_id - assumed 'art_id' D:\xampp\htdocs\blog\Runtime\Cache\Home\9fd615a7c1fcdddda609372a495acc38.php 第 61 行.
NOTIC: [8] Use of undefined constant art_id - assumed 'art_id' D:\xampp\htdocs\blog\Runtime\Cache\Home\9fd615a7c1fcdddda609372a495acc38.php 第 61 行.
NOTIC: [8] Use of undefined constant art_id - assumed 'art_id' D:\xampp\htdocs\blog\Runtime\Cache\Home\9fd615a7c1fcdddda609372a495acc38.php 第 61 行.
NOTIC: [8] Use of undefined constant art_id - assumed 'art_id' D:\xampp\htdocs\blog\Runtime\Cache\Home\9fd615a7c1fcdddda609372a495acc38.php 第 61 行.
NOTIC: [8] Use of undefined constant art_id - assumed 'art_id' D:\xampp\htdocs\blog\Runtime\Cache\Home\9fd615a7c1fcdddda609372a495acc38.php 第 61 行.
NOTIC: [8] Use of undefined constant art_id - assumed 'art_id' D:\xampp\htdocs\blog\Runtime\Cache\Home\9fd615a7c1fcdddda609372a495acc38.php 第 61 行.
NOTIC: [8] Use of undefined constant art_id - assumed 'art_id' D:\xampp\htdocs\blog\Runtime\Cache\Home\9fd615a7c1fcdddda609372a495acc38.php 第 61 行.
NOTIC: [8] Use of undefined constant art_id - assumed 'art_id' D:\xampp\htdocs\blog\Runtime\Cache\Home\9fd615a7c1fcdddda609372a495acc38.php 第 61 行.
NOTIC: [8] Use of undefined constant art_id - assumed 'art_id' D:\xampp\htdocs\blog\Runtime\Cache\Home\9fd615a7c1fcdddda609372a495acc38.php 第 61 行.
NOTIC: [8] Use of undefined constant art_id - assumed 'art_id' D:\xampp\htdocs\blog\Runtime\Cache\Home\9fd615a7c1fcdddda609372a495acc38.php 第 61 行.
NOTIC: [8] Use of undefined constant art_id - assumed 'art_id' D:\xampp\htdocs\blog\Runtime\Cache\Home\9fd615a7c1fcdddda609372a495acc38.php 第 61 行.
NOTIC: [8] Use of undefined constant art_id - assumed 'art_id' D:\xampp\htdocs\blog\Runtime\Cache\Home\9fd615a7c1fcdddda609372a495acc38.php 第 61 行.
INFO: Run Behavior\ParseTemplateBehavior [ RunTime:0.165797s ]
INFO: [ view_parse ] --END-- [ RunTime:0.165861s ]
INFO: [ view_filter ] --START--
INFO: Run Behavior\WriteHtmlCacheBehavior [ RunTime:0.010576s ]
INFO: [ view_filter ] --END-- [ RunTime:0.010651s ]
INFO: [ app_end ] --START--
INFO: Run Behavior\ShowPageTraceBehavior [ RunTime:0.010427s ]
INFO: [ app_end ] --END-- [ RunTime:0.010487s ]

[ 2016-09-20T19:28:33+08:00 ] ::1 /blog/index.php/Home/Index/art/art_id/1.html
INFO: [ app_init ] --START--
INFO: Run Behavior\BuildLiteBehavior [ RunTime:0.000010s ]
INFO: [ app_init ] --END-- [ RunTime:0.000380s ]
INFO: [ app_begin ] --START--
INFO: Run Behavior\ReadHtmlCacheBehavior [ RunTime:0.000701s ]
INFO: [ app_begin ] --END-- [ RunTime:0.000790s ]
SQL: SHOW COLUMNS FROM `art` [ RunTime:0.0148s ]
SQL: SELECT * FROM `art` WHERE `art_id` = 1 LIMIT 1   [ RunTime:0.0005s ]
NOTIC: [2] Missing argument 1 for Think\Controller::show(), called in D:\xampp\htdocs\blog\Home\Controller\IndexController.class.php on line 23 and defined D:\xampp\htdocs\ThinkPHP\Library\Think\Controller.class.php 第 68 行.
NOTIC: [8] Undefined variable: content D:\xampp\htdocs\ThinkPHP\Library\Think\Controller.class.php 第 69 行.
INFO: [ view_parse ] --START--
INFO: [ template_filter ] --START--
INFO: Run Behavior\ContentReplaceBehavior [ RunTime:0.000048s ]
INFO: [ template_filter ] --END-- [ RunTime:0.000098s ]
INFO: Run Behavior\ParseTemplateBehavior [ RunTime:0.071506s ]
INFO: [ view_parse ] --END-- [ RunTime:0.071618s ]
INFO: [ view_filter ] --START--
INFO: Run Behavior\WriteHtmlCacheBehavior [ RunTime:0.000228s ]
INFO: [ view_filter ] --END-- [ RunTime:0.000265s ]
INFO: [ app_end ] --START--
INFO: Run Behavior\ShowPageTraceBehavior [ RunTime:0.000437s ]
INFO: [ app_end ] --END-- [ RunTime:0.000472s ]

[ 2016-09-20T19:28:39+08:00 ] ::1 /blog/index.php/Home/Index/art/art_id/2.html
INFO: [ app_init ] --START--
INFO: Run Behavior\BuildLiteBehavior [ RunTime:0.000012s ]
INFO: [ app_init ] --END-- [ RunTime:0.000340s ]
INFO: [ app_begin ] --START--
INFO: Run Behavior\ReadHtmlCacheBehavior [ RunTime:0.000549s ]
INFO: [ app_begin ] --END-- [ RunTime:0.000622s ]
SQL: SHOW COLUMNS FROM `art` [ RunTime:0.0181s ]
SQL: SELECT * FROM `art` WHERE `art_id` = 2 LIMIT 1   [ RunTime:0.0005s ]
NOTIC: [2] Missing argument 1 for Think\Controller::show(), called in D:\xampp\htdocs\blog\Home\Controller\IndexController.class.php on line 23 and defined D:\xampp\htdocs\ThinkPHP\Library\Think\Controller.class.php 第 68 行.
NOTIC: [8] Undefined variable: content D:\xampp\htdocs\ThinkPHP\Library\Think\Controller.class.php 第 69 行.
INFO: [ view_parse ] --START--
INFO: [ template_filter ] --START--
INFO: Run Behavior\ContentReplaceBehavior [ RunTime:0.000177s ]
INFO: [ template_filter ] --END-- [ RunTime:0.000258s ]
INFO: Run Behavior\ParseTemplateBehavior [ RunTime:0.007601s ]
INFO: [ view_parse ] --END-- [ RunTime:0.007669s ]
INFO: [ view_filter ] --START--
INFO: Run Behavior\WriteHtmlCacheBehavior [ RunTime:0.000320s ]
INFO: [ view_filter ] --END-- [ RunTime:0.000366s ]
INFO: [ app_end ] --START--
INFO: Run Behavior\ShowPageTraceBehavior [ RunTime:0.000579s ]
INFO: [ app_end ] --END-- [ RunTime:0.000626s ]

[ 2016-09-20T19:29:12+08:00 ] ::1 /blog/index.php/home/index/index.html
INFO: [ app_init ] --START--
INFO: Run Behavior\BuildLiteBehavior [ RunTime:0.000014s ]
INFO: [ app_init ] --END-- [ RunTime:0.000386s ]
INFO: [ app_begin ] --START--
INFO: Run Behavior\ReadHtmlCacheBehavior [ RunTime:0.001392s ]
INFO: [ app_begin ] --END-- [ RunTime:0.001627s ]
SQL: SHOW COLUMNS FROM `art` [ RunTime:0.0203s ]
SQL: SELECT * FROM `art`  [ RunTime:0.0010s ]
NOTIC: [2] Missing argument 1 for Think\Controller::show(), called in D:\xampp\htdocs\blog\Home\Controller\IndexController.class.php on line 10 and defined D:\xampp\htdocs\ThinkPHP\Library\Think\Controller.class.php 第 68 行.
NOTIC: [8] Undefined variable: content D:\xampp\htdocs\ThinkPHP\Library\Think\Controller.class.php 第 69 行.
INFO: [ view_parse ] --START--
INFO: [ template_filter ] --START--
INFO: Run Behavior\ContentReplaceBehavior [ RunTime:0.000050s ]
INFO: [ template_filter ] --END-- [ RunTime:0.000146s ]
NOTIC: [8] Use of undefined constant art_id - assumed 'art_id' D:\xampp\htdocs\blog\Runtime\Cache\Home\9fd615a7c1fcdddda609372a495acc38.php 第 61 行.
NOTIC: [8] Use of undefined constant art_id - assumed 'art_id' D:\xampp\htdocs\blog\Runtime\Cache\Home\9fd615a7c1fcdddda609372a495acc38.php 第 61 行.
NOTIC: [8] Use of undefined constant art_id - assumed 'art_id' D:\xampp\htdocs\blog\Runtime\Cache\Home\9fd615a7c1fcdddda609372a495acc38.php 第 61 行.
NOTIC: [8] Use of undefined constant art_id - assumed 'art_id' D:\xampp\htdocs\blog\Runtime\Cache\Home\9fd615a7c1fcdddda609372a495acc38.php 第 61 行.
NOTIC: [8] Use of undefined constant art_id - assumed 'art_id' D:\xampp\htdocs\blog\Runtime\Cache\Home\9fd615a7c1fcdddda609372a495acc38.php 第 61 行.
NOTIC: [8] Use of undefined constant art_id - assumed 'art_id' D:\xampp\htdocs\blog\Runtime\Cache\Home\9fd615a7c1fcdddda609372a495acc38.php 第 61 行.
NOTIC: [8] Use of undefined constant art_id - assumed 'art_id' D:\xampp\htdocs\blog\Runtime\Cache\Home\9fd615a7c1fcdddda609372a495acc38.php 第 61 行.
NOTIC: [8] Use of undefined constant art_id - assumed 'art_id' D:\xampp\htdocs\blog\Runtime\Cache\Home\9fd615a7c1fcdddda609372a495acc38.php 第 61 行.
NOTIC: [8] Use of undefined constant art_id - assumed 'art_id' D:\xampp\htdocs\blog\Runtime\Cache\Home\9fd615a7c1fcdddda609372a495acc38.php 第 61 行.
NOTIC: [8] Use of undefined constant art_id - assumed 'art_id' D:\xampp\htdocs\blog\Runtime\Cache\Home\9fd615a7c1fcdddda609372a495acc38.php 第 61 行.
NOTIC: [8] Use of undefined constant art_id - assumed 'art_id' D:\xampp\htdocs\blog\Runtime\Cache\Home\9fd615a7c1fcdddda609372a495acc38.php 第 61 行.
NOTIC: [8] Use of undefined constant art_id - assumed 'art_id' D:\xampp\htdocs\blog\Runtime\Cache\Home\9fd615a7c1fcdddda609372a495acc38.php 第 61 行.
INFO: Run Behavior\ParseTemplateBehavior [ RunTime:0.008280s ]
INFO: [ view_parse ] --END-- [ RunTime:0.008334s ]
INFO: [ view_filter ] --START--
INFO: Run Behavior\WriteHtmlCacheBehavior [ RunTime:0.000269s ]
INFO: [ view_filter ] --END-- [ RunTime:0.000321s ]
INFO: [ app_end ] --START--
INFO: Run Behavior\ShowPageTraceBehavior [ RunTime:0.000416s ]
INFO: [ app_end ] --END-- [ RunTime:0.000453s ]

[ 2016-09-20T19:29:15+08:00 ] ::1 /blog/index.php/home/index/
INFO: [ app_init ] --START--
INFO: Run Behavior\BuildLiteBehavior [ RunTime:0.000012s ]
INFO: [ app_init ] --END-- [ RunTime:0.000319s ]
INFO: [ app_begin ] --START--
INFO: Run Behavior\ReadHtmlCacheBehavior [ RunTime:0.000447s ]
INFO: [ app_begin ] --END-- [ RunTime:0.000494s ]
SQL: SHOW COLUMNS FROM `art` [ RunTime:0.0181s ]
SQL: SELECT * FROM `art`  [ RunTime:0.0004s ]
NOTIC: [2] Missing argument 1 for Think\Controller::show(), called in D:\xampp\htdocs\blog\Home\Controller\IndexController.class.php on line 10 and defined D:\xampp\htdocs\ThinkPHP\Library\Think\Controller.class.php 第 68 行.
NOTIC: [8] Undefined variable: content D:\xampp\htdocs\ThinkPHP\Library\Think\Controller.class.php 第 69 行.
INFO: [ view_parse ] --START--
INFO: [ template_filter ] --START--
INFO: Run Behavior\ContentReplaceBehavior [ RunTime:0.000073s ]
INFO: [ template_filter ] --END-- [ RunTime:0.000174s ]
NOTIC: [8] Use of undefined constant art_id - assumed 'art_id' D:\xampp\htdocs\blog\Runtime\Cache\Home\9fd615a7c1fcdddda609372a495acc38.php 第 61 行.
NOTIC: [8] Use of undefined constant art_id - assumed 'art_id' D:\xampp\htdocs\blog\Runtime\Cache\Home\9fd615a7c1fcdddda609372a495acc38.php 第 61 行.
NOTIC: [8] Use of undefined constant art_id - assumed 'art_id' D:\xampp\htdocs\blog\Runtime\Cache\Home\9fd615a7c1fcdddda609372a495acc38.php 第 61 行.
NOTIC: [8] Use of undefined constant art_id - assumed 'art_id' D:\xampp\htdocs\blog\Runtime\Cache\Home\9fd615a7c1fcdddda609372a495acc38.php 第 61 行.
NOTIC: [8] Use of undefined constant art_id - assumed 'art_id' D:\xampp\htdocs\blog\Runtime\Cache\Home\9fd615a7c1fcdddda609372a495acc38.php 第 61 行.
NOTIC: [8] Use of undefined constant art_id - assumed 'art_id' D:\xampp\htdocs\blog\Runtime\Cache\Home\9fd615a7c1fcdddda609372a495acc38.php 第 61 行.
NOTIC: [8] Use of undefined constant art_id - assumed 'art_id' D:\xampp\htdocs\blog\Runtime\Cache\Home\9fd615a7c1fcdddda609372a495acc38.php 第 61 行.
NOTIC: [8] Use of undefined constant art_id - assumed 'art_id' D:\xampp\htdocs\blog\Runtime\Cache\Home\9fd615a7c1fcdddda609372a495acc38.php 第 61 行.
NOTIC: [8] Use of undefined constant art_id - assumed 'art_id' D:\xampp\htdocs\blog\Runtime\Cache\Home\9fd615a7c1fcdddda609372a495acc38.php 第 61 行.
NOTIC: [8] Use of undefined constant art_id - assumed 'art_id' D:\xampp\htdocs\blog\Runtime\Cache\Home\9fd615a7c1fcdddda609372a495acc38.php 第 61 行.
NOTIC: [8] Use of undefined constant art_id - assumed 'art_id' D:\xampp\htdocs\blog\Runtime\Cache\Home\9fd615a7c1fcdddda609372a495acc38.php 第 61 行.
NOTIC: [8] Use of undefined constant art_id - assumed 'art_id' D:\xampp\htdocs\blog\Runtime\Cache\Home\9fd615a7c1fcdddda609372a495acc38.php 第 61 行.
INFO: Run Behavior\ParseTemplateBehavior [ RunTime:0.008495s ]
INFO: [ view_parse ] --END-- [ RunTime:0.008543s ]
INFO: [ view_filter ] --START--
INFO: Run Behavior\WriteHtmlCacheBehavior [ RunTime:0.000253s ]
INFO: [ view_filter ] --END-- [ RunTime:0.000290s ]
INFO: [ app_end ] --START--
INFO: Run Behavior\ShowPageTraceBehavior [ RunTime:0.000459s ]
INFO: [ app_end ] --END-- [ RunTime:0.000502s ]

[ 2016-09-20T19:29:17+08:00 ] ::1 /blog/index.php/Home/Index/art/art_id/1.html
INFO: [ app_init ] --START--
INFO: Run Behavior\BuildLiteBehavior [ RunTime:0.000015s ]
INFO: [ app_init ] --END-- [ RunTime:0.000521s ]
INFO: [ app_begin ] --START--
INFO: Run Behavior\ReadHtmlCacheBehavior [ RunTime:0.000488s ]
INFO: [ app_begin ] --END-- [ RunTime:0.000543s ]
SQL: SHOW COLUMNS FROM `art` [ RunTime:0.0175s ]
SQL: SELECT * FROM `art` WHERE `art_id` = 1 LIMIT 1   [ RunTime:0.0004s ]
NOTIC: [2] Missing argument 1 for Think\Controller::show(), called in D:\xampp\htdocs\blog\Home\Controller\IndexController.class.php on line 23 and defined D:\xampp\htdocs\ThinkPHP\Library\Think\Controller.class.php 第 68 行.
NOTIC: [8] Undefined variable: content D:\xampp\htdocs\ThinkPHP\Library\Think\Controller.class.php 第 69 行.
INFO: [ view_parse ] --START--
INFO: [ template_filter ] --START--
INFO: Run Behavior\ContentReplaceBehavior [ RunTime:0.000049s ]
INFO: [ template_filter ] --END-- [ RunTime:0.000102s ]
INFO: Run Behavior\ParseTemplateBehavior [ RunTime:0.007390s ]
INFO: [ view_parse ] --END-- [ RunTime:0.007514s ]
INFO: [ view_filter ] --START--
INFO: Run Behavior\WriteHtmlCacheBehavior [ RunTime:0.000235s ]
INFO: [ view_filter ] --END-- [ RunTime:0.000274s ]
INFO: [ app_end ] --START--
INFO: Run Behavior\ShowPageTraceBehavior [ RunTime:0.000434s ]
INFO: [ app_end ] --END-- [ RunTime:0.000471s ]

[ 2016-09-20T19:29:19+08:00 ] ::1 /blog/index.php/Home/Index/art/art_id/index.html
INFO: [ app_init ] --START--
INFO: Run Behavior\BuildLiteBehavior [ RunTime:0.000012s ]
INFO: [ app_init ] --END-- [ RunTime:0.000319s ]
INFO: [ app_begin ] --START--
INFO: Run Behavior\ReadHtmlCacheBehavior [ RunTime:0.000411s ]
INFO: [ app_begin ] --END-- [ RunTime:0.000457s ]
SQL: SHOW COLUMNS FROM `art` [ RunTime:0.0207s ]
SQL: SELECT * FROM `art` WHERE `art_id` = 0 LIMIT 1   [ RunTime:0.0004s ]
NOTIC: [2] Missing argument 1 for Think\Controller::show(), called in D:\xampp\htdocs\blog\Home\Controller\IndexController.class.php on line 23 and defined D:\xampp\htdocs\ThinkPHP\Library\Think\Controller.class.php 第 68 行.
NOTIC: [8] Undefined variable: content D:\xampp\htdocs\ThinkPHP\Library\Think\Controller.class.php 第 69 行.
INFO: [ view_parse ] --START--
INFO: [ template_filter ] --START--
INFO: Run Behavior\ContentReplaceBehavior [ RunTime:0.000083s ]
INFO: [ template_filter ] --END-- [ RunTime:0.000243s ]
INFO: Run Behavior\ParseTemplateBehavior [ RunTime:0.008582s ]
INFO: [ view_parse ] --END-- [ RunTime:0.008641s ]
INFO: [ view_filter ] --START--
INFO: Run Behavior\WriteHtmlCacheBehavior [ RunTime:0.000279s ]
INFO: [ view_filter ] --END-- [ RunTime:0.000319s ]
INFO: [ app_end ] --START--
INFO: Run Behavior\ShowPageTraceBehavior [ RunTime:0.000466s ]
INFO: [ app_end ] --END-- [ RunTime:0.000505s ]

[ 2016-09-20T19:29:22+08:00 ] ::1 /blog/index.php/Home/Index/art/art_id/index.html
INFO: [ app_init ] --START--
INFO: Run Behavior\BuildLiteBehavior [ RunTime:0.000012s ]
INFO: [ app_init ] --END-- [ RunTime:0.000323s ]
INFO: [ app_begin ] --START--
INFO: Run Behavior\ReadHtmlCacheBehavior [ RunTime:0.000415s ]
INFO: [ app_begin ] --END-- [ RunTime:0.000460s ]
SQL: SHOW COLUMNS FROM `art` [ RunTime:0.0185s ]
SQL: SELECT * FROM `art` WHERE `art_id` = 0 LIMIT 1   [ RunTime:0.0003s ]
NOTIC: [2] Missing argument 1 for Think\Controller::show(), called in D:\xampp\htdocs\blog\Home\Controller\IndexController.class.php on line 23 and defined D:\xampp\htdocs\ThinkPHP\Library\Think\Controller.class.php 第 68 行.
NOTIC: [8] Undefined variable: content D:\xampp\htdocs\ThinkPHP\Library\Think\Controller.class.php 第 69 行.
INFO: [ view_parse ] --START--
INFO: [ template_filter ] --START--
INFO: Run Behavior\ContentReplaceBehavior [ RunTime:0.000049s ]
INFO: [ template_filter ] --END-- [ RunTime:0.000093s ]
INFO: Run Behavior\ParseTemplateBehavior [ RunTime:0.006379s ]
INFO: [ view_parse ] --END-- [ RunTime:0.006449s ]
INFO: [ view_filter ] --START--
INFO: Run Behavior\WriteHtmlCacheBehavior [ RunTime:0.000217s ]
INFO: [ view_filter ] --END-- [ RunTime:0.000256s ]
INFO: [ app_end ] --START--
INFO: Run Behavior\ShowPageTraceBehavior [ RunTime:0.000443s ]
INFO: [ app_end ] --END-- [ RunTime:0.000482s ]

[ 2016-09-20T19:29:47+08:00 ] ::1 /blog/index.php/Home/Index/art/art_id/index.html
INFO: [ app_init ] --START--
INFO: Run Behavior\BuildLiteBehavior [ RunTime:0.000011s ]
INFO: [ app_init ] --END-- [ RunTime:0.000370s ]
INFO: [ app_begin ] --START--
INFO: Run Behavior\ReadHtmlCacheBehavior [ RunTime:0.000530s ]
INFO: [ app_begin ] --END-- [ RunTime:0.000603s ]
SQL: SHOW COLUMNS FROM `art` [ RunTime:0.0168s ]
SQL: SELECT * FROM `art` WHERE `art_id` = 0 LIMIT 1   [ RunTime:0.0004s ]
NOTIC: [2] Missing argument 1 for Think\Controller::show(), called in D:\xampp\htdocs\blog\Home\Controller\IndexController.class.php on line 23 and defined D:\xampp\htdocs\ThinkPHP\Library\Think\Controller.class.php 第 68 行.
NOTIC: [8] Undefined variable: content D:\xampp\htdocs\ThinkPHP\Library\Think\Controller.class.php 第 69 行.
INFO: [ view_parse ] --START--
INFO: [ template_filter ] --START--
INFO: Run Behavior\ContentReplaceBehavior [ RunTime:0.000049s ]
INFO: [ template_filter ] --END-- [ RunTime:0.000094s ]
INFO: Run Behavior\ParseTemplateBehavior [ RunTime:0.006499s ]
INFO: [ view_parse ] --END-- [ RunTime:0.006569s ]
INFO: [ view_filter ] --START--
INFO: Run Behavior\WriteHtmlCacheBehavior [ RunTime:0.000218s ]
INFO: [ view_filter ] --END-- [ RunTime:0.000254s ]
INFO: [ app_end ] --START--
INFO: Run Behavior\ShowPageTraceBehavior [ RunTime:0.000528s ]
INFO: [ app_end ] --END-- [ RunTime:0.000584s ]

[ 2016-09-20T19:29:50+08:00 ] ::1 /blog/index.php/Home/Index/art/art_id/index.html
INFO: [ app_init ] --START--
INFO: Run Behavior\BuildLiteBehavior [ RunTime:0.000030s ]
INFO: [ app_init ] --END-- [ RunTime:0.000714s ]
INFO: [ app_begin ] --START--
INFO: Run Behavior\ReadHtmlCacheBehavior [ RunTime:0.001580s ]
INFO: [ app_begin ] --END-- [ RunTime:0.001765s ]
SQL: SHOW COLUMNS FROM `art` [ RunTime:0.0196s ]
SQL: SELECT * FROM `art` WHERE `art_id` = 0 LIMIT 1   [ RunTime:0.0003s ]
NOTIC: [2] Missing argument 1 for Think\Controller::show(), called in D:\xampp\htdocs\blog\Home\Controller\IndexController.class.php on line 23 and defined D:\xampp\htdocs\ThinkPHP\Library\Think\Controller.class.php 第 68 行.
NOTIC: [8] Undefined variable: content D:\xampp\htdocs\ThinkPHP\Library\Think\Controller.class.php 第 69 行.
INFO: [ view_parse ] --START--
INFO: [ template_filter ] --START--
INFO: Run Behavior\ContentReplaceBehavior [ RunTime:0.000081s ]
INFO: [ template_filter ] --END-- [ RunTime:0.000161s ]
INFO: Run Behavior\ParseTemplateBehavior [ RunTime:0.010710s ]
INFO: [ view_parse ] --END-- [ RunTime:0.010777s ]
INFO: [ view_filter ] --START--
INFO: Run Behavior\WriteHtmlCacheBehavior [ RunTime:0.000275s ]
INFO: [ view_filter ] --END-- [ RunTime:0.000318s ]
INFO: [ app_end ] --START--
INFO: Run Behavior\ShowPageTraceBehavior [ RunTime:0.000602s ]
INFO: [ app_end ] --END-- [ RunTime:0.000650s ]

[ 2016-09-20T19:29:56+08:00 ] ::1 /blog/index.php/Home/Index
INFO: [ app_init ] --START--
INFO: Run Behavior\BuildLiteBehavior [ RunTime:0.000014s ]
INFO: [ app_init ] --END-- [ RunTime:0.000433s ]
INFO: [ app_begin ] --START--
INFO: Run Behavior\ReadHtmlCacheBehavior [ RunTime:0.000464s ]
INFO: [ app_begin ] --END-- [ RunTime:0.000516s ]
SQL: SHOW COLUMNS FROM `art` [ RunTime:0.0137s ]
SQL: SELECT * FROM `art`  [ RunTime:0.0005s ]
NOTIC: [2] Missing argument 1 for Think\Controller::show(), called in D:\xampp\htdocs\blog\Home\Controller\IndexController.class.php on line 10 and defined D:\xampp\htdocs\ThinkPHP\Library\Think\Controller.class.php 第 68 行.
NOTIC: [8] Undefined variable: content D:\xampp\htdocs\ThinkPHP\Library\Think\Controller.class.php 第 69 行.
INFO: [ view_parse ] --START--
INFO: [ template_filter ] --START--
INFO: Run Behavior\ContentReplaceBehavior [ RunTime:0.000052s ]
INFO: [ template_filter ] --END-- [ RunTime:0.000111s ]
NOTIC: [8] Use of undefined constant art_id - assumed 'art_id' D:\xampp\htdocs\blog\Runtime\Cache\Home\9fd615a7c1fcdddda609372a495acc38.php 第 61 行.
NOTIC: [8] Use of undefined constant art_id - assumed 'art_id' D:\xampp\htdocs\blog\Runtime\Cache\Home\9fd615a7c1fcdddda609372a495acc38.php 第 61 行.
NOTIC: [8] Use of undefined constant art_id - assumed 'art_id' D:\xampp\htdocs\blog\Runtime\Cache\Home\9fd615a7c1fcdddda609372a495acc38.php 第 61 行.
NOTIC: [8] Use of undefined constant art_id - assumed 'art_id' D:\xampp\htdocs\blog\Runtime\Cache\Home\9fd615a7c1fcdddda609372a495acc38.php 第 61 行.
NOTIC: [8] Use of undefined constant art_id - assumed 'art_id' D:\xampp\htdocs\blog\Runtime\Cache\Home\9fd615a7c1fcdddda609372a495acc38.php 第 61 行.
NOTIC: [8] Use of undefined constant art_id - assumed 'art_id' D:\xampp\htdocs\blog\Runtime\Cache\Home\9fd615a7c1fcdddda609372a495acc38.php 第 61 行.
NOTIC: [8] Use of undefined constant art_id - assumed 'art_id' D:\xampp\htdocs\blog\Runtime\Cache\Home\9fd615a7c1fcdddda609372a495acc38.php 第 61 行.
NOTIC: [8] Use of undefined constant art_id - assumed 'art_id' D:\xampp\htdocs\blog\Runtime\Cache\Home\9fd615a7c1fcdddda609372a495acc38.php 第 61 行.
NOTIC: [8] Use of undefined constant art_id - assumed 'art_id' D:\xampp\htdocs\blog\Runtime\Cache\Home\9fd615a7c1fcdddda609372a495acc38.php 第 61 行.
NOTIC: [8] Use of undefined constant art_id - assumed 'art_id' D:\xampp\htdocs\blog\Runtime\Cache\Home\9fd615a7c1fcdddda609372a495acc38.php 第 61 行.
NOTIC: [8] Use of undefined constant art_id - assumed 'art_id' D:\xampp\htdocs\blog\Runtime\Cache\Home\9fd615a7c1fcdddda609372a495acc38.php 第 61 行.
NOTIC: [8] Use of undefined constant art_id - assumed 'art_id' D:\xampp\htdocs\blog\Runtime\Cache\Home\9fd615a7c1fcdddda609372a495acc38.php 第 61 行.
INFO: Run Behavior\ParseTemplateBehavior [ RunTime:0.047430s ]
INFO: [ view_parse ] --END-- [ RunTime:0.047563s ]
INFO: [ view_filter ] --START--
INFO: Run Behavior\WriteHtmlCacheBehavior [ RunTime:0.000414s ]
INFO: [ view_filter ] --END-- [ RunTime:0.000456s ]
INFO: [ app_end ] --START--
INFO: Run Behavior\ShowPageTraceBehavior [ RunTime:0.000497s ]
INFO: [ app_end ] --END-- [ RunTime:0.000541s ]

[ 2016-09-20T19:29:58+08:00 ] ::1 /blog/index.php/Home/index
INFO: [ app_init ] --START--
INFO: Run Behavior\BuildLiteBehavior [ RunTime:0.000013s ]
INFO: [ app_init ] --END-- [ RunTime:0.000351s ]
INFO: [ app_begin ] --START--
INFO: Run Behavior\ReadHtmlCacheBehavior [ RunTime:0.000450s ]
INFO: [ app_begin ] --END-- [ RunTime:0.000501s ]
SQL: SHOW COLUMNS FROM `art` [ RunTime:0.0179s ]
SQL: SELECT * FROM `art`  [ RunTime:0.0004s ]
NOTIC: [2] Missing argument 1 for Think\Controller::show(), called in D:\xampp\htdocs\blog\Home\Controller\IndexController.class.php on line 10 and defined D:\xampp\htdocs\ThinkPHP\Library\Think\Controller.class.php 第 68 行.
NOTIC: [8] Undefined variable: content D:\xampp\htdocs\ThinkPHP\Library\Think\Controller.class.php 第 69 行.
INFO: [ view_parse ] --START--
INFO: [ template_filter ] --START--
INFO: Run Behavior\ContentReplaceBehavior [ RunTime:0.000073s ]
INFO: [ template_filter ] --END-- [ RunTime:0.000196s ]
NOTIC: [8] Use of undefined constant art_id - assumed 'art_id' D:\xampp\htdocs\blog\Runtime\Cache\Home\9fd615a7c1fcdddda609372a495acc38.php 第 61 行.
NOTIC: [8] Use of undefined constant art_id - assumed 'art_id' D:\xampp\htdocs\blog\Runtime\Cache\Home\9fd615a7c1fcdddda609372a495acc38.php 第 61 行.
NOTIC: [8] Use of undefined constant art_id - assumed 'art_id' D:\xampp\htdocs\blog\Runtime\Cache\Home\9fd615a7c1fcdddda609372a495acc38.php 第 61 行.
NOTIC: [8] Use of undefined constant art_id - assumed 'art_id' D:\xampp\htdocs\blog\Runtime\Cache\Home\9fd615a7c1fcdddda609372a495acc38.php 第 61 行.
NOTIC: [8] Use of undefined constant art_id - assumed 'art_id' D:\xampp\htdocs\blog\Runtime\Cache\Home\9fd615a7c1fcdddda609372a495acc38.php 第 61 行.
NOTIC: [8] Use of undefined constant art_id - assumed 'art_id' D:\xampp\htdocs\blog\Runtime\Cache\Home\9fd615a7c1fcdddda609372a495acc38.php 第 61 行.
NOTIC: [8] Use of undefined constant art_id - assumed 'art_id' D:\xampp\htdocs\blog\Runtime\Cache\Home\9fd615a7c1fcdddda609372a495acc38.php 第 61 行.
NOTIC: [8] Use of undefined constant art_id - assumed 'art_id' D:\xampp\htdocs\blog\Runtime\Cache\Home\9fd615a7c1fcdddda609372a495acc38.php 第 61 行.
NOTIC: [8] Use of undefined constant art_id - assumed 'art_id' D:\xampp\htdocs\blog\Runtime\Cache\Home\9fd615a7c1fcdddda609372a495acc38.php 第 61 行.
NOTIC: [8] Use of undefined constant art_id - assumed 'art_id' D:\xampp\htdocs\blog\Runtime\Cache\Home\9fd615a7c1fcdddda609372a495acc38.php 第 61 行.
NOTIC: [8] Use of undefined constant art_id - assumed 'art_id' D:\xampp\htdocs\blog\Runtime\Cache\Home\9fd615a7c1fcdddda609372a495acc38.php 第 61 行.
NOTIC: [8] Use of undefined constant art_id - assumed 'art_id' D:\xampp\htdocs\blog\Runtime\Cache\Home\9fd615a7c1fcdddda609372a495acc38.php 第 61 行.
INFO: Run Behavior\ParseTemplateBehavior [ RunTime:0.010052s ]
INFO: [ view_parse ] --END-- [ RunTime:0.010106s ]
INFO: [ view_filter ] --START--
INFO: Run Behavior\WriteHtmlCacheBehavior [ RunTime:0.000262s ]
INFO: [ view_filter ] --END-- [ RunTime:0.000302s ]
INFO: [ app_end ] --START--
INFO: Run Behavior\ShowPageTraceBehavior [ RunTime:0.000596s ]
INFO: [ app_end ] --END-- [ RunTime:0.000660s ]

[ 2016-09-20T19:30:00+08:00 ] ::1 /blog/index.php/Home/Index/art/art_id/1.html
INFO: [ app_init ] --START--
INFO: Run Behavior\BuildLiteBehavior [ RunTime:0.000011s ]
INFO: [ app_init ] --END-- [ RunTime:0.000355s ]
INFO: [ app_begin ] --START--
INFO: Run Behavior\ReadHtmlCacheBehavior [ RunTime:0.000536s ]
INFO: [ app_begin ] --END-- [ RunTime:0.000598s ]
SQL: SHOW COLUMNS FROM `art` [ RunTime:0.0168s ]
SQL: SELECT * FROM `art` WHERE `art_id` = 1 LIMIT 1   [ RunTime:0.0004s ]
NOTIC: [2] Missing argument 1 for Think\Controller::show(), called in D:\xampp\htdocs\blog\Home\Controller\IndexController.class.php on line 23 and defined D:\xampp\htdocs\ThinkPHP\Library\Think\Controller.class.php 第 68 行.
NOTIC: [8] Undefined variable: content D:\xampp\htdocs\ThinkPHP\Library\Think\Controller.class.php 第 69 行.
INFO: [ view_parse ] --START--
INFO: [ template_filter ] --START--
INFO: Run Behavior\ContentReplaceBehavior [ RunTime:0.000072s ]
INFO: [ template_filter ] --END-- [ RunTime:0.000181s ]
INFO: Run Behavior\ParseTemplateBehavior [ RunTime:0.007413s ]
INFO: [ view_parse ] --END-- [ RunTime:0.007474s ]
INFO: [ view_filter ] --START--
INFO: Run Behavior\WriteHtmlCacheBehavior [ RunTime:0.000275s ]
INFO: [ view_filter ] --END-- [ RunTime:0.000321s ]
INFO: [ app_end ] --START--
INFO: Run Behavior\ShowPageTraceBehavior [ RunTime:0.000490s ]
INFO: [ app_end ] --END-- [ RunTime:0.000532s ]

[ 2016-09-20T19:30:01+08:00 ] ::1 /blog/index.php/Home/Index/art/art_id/index.html
INFO: [ app_init ] --START--
INFO: Run Behavior\BuildLiteBehavior [ RunTime:0.000016s ]
INFO: [ app_init ] --END-- [ RunTime:0.000453s ]
INFO: [ app_begin ] --START--
INFO: Run Behavior\ReadHtmlCacheBehavior [ RunTime:0.000508s ]
INFO: [ app_begin ] --END-- [ RunTime:0.000564s ]
SQL: SHOW COLUMNS FROM `art` [ RunTime:0.0198s ]
SQL: SELECT * FROM `art` WHERE `art_id` = 0 LIMIT 1   [ RunTime:0.0004s ]
NOTIC: [2] Missing argument 1 for Think\Controller::show(), called in D:\xampp\htdocs\blog\Home\Controller\IndexController.class.php on line 23 and defined D:\xampp\htdocs\ThinkPHP\Library\Think\Controller.class.php 第 68 行.
NOTIC: [8] Undefined variable: content D:\xampp\htdocs\ThinkPHP\Library\Think\Controller.class.php 第 69 行.
INFO: [ view_parse ] --START--
INFO: [ template_filter ] --START--
INFO: Run Behavior\ContentReplaceBehavior [ RunTime:0.000054s ]
INFO: [ template_filter ] --END-- [ RunTime:0.000109s ]
INFO: Run Behavior\ParseTemplateBehavior [ RunTime:0.007056s ]
INFO: [ view_parse ] --END-- [ RunTime:0.007128s ]
INFO: [ view_filter ] --START--
INFO: Run Behavior\WriteHtmlCacheBehavior [ RunTime:0.000246s ]
INFO: [ view_filter ] --END-- [ RunTime:0.000288s ]
INFO: [ app_end ] --START--
INFO: Run Behavior\ShowPageTraceBehavior [ RunTime:0.000483s ]
INFO: [ app_end ] --END-- [ RunTime:0.000524s ]

[ 2016-09-20T19:32:49+08:00 ] ::1 /blog/index.php/Home/Index/art/art_id/index.html
INFO: [ app_init ] --START--
INFO: Run Behavior\BuildLiteBehavior [ RunTime:0.000012s ]
INFO: [ app_init ] --END-- [ RunTime:0.000454s ]
INFO: [ app_begin ] --START--
INFO: Run Behavior\ReadHtmlCacheBehavior [ RunTime:0.000581s ]
INFO: [ app_begin ] --END-- [ RunTime:0.000627s ]
SQL: SHOW COLUMNS FROM `art` [ RunTime:0.0108s ]
SQL: SELECT * FROM `art` WHERE `art_id` = 0 LIMIT 1   [ RunTime:0.0004s ]
NOTIC: [2] Missing argument 1 for Think\Controller::show(), called in D:\xampp\htdocs\blog\Home\Controller\IndexController.class.php on line 23 and defined D:\xampp\htdocs\ThinkPHP\Library\Think\Controller.class.php 第 68 行.
NOTIC: [8] Undefined variable: content D:\xampp\htdocs\ThinkPHP\Library\Think\Controller.class.php 第 69 行.
INFO: [ view_parse ] --START--
INFO: [ template_filter ] --START--
INFO: Run Behavior\ContentReplaceBehavior [ RunTime:0.000052s ]
INFO: [ template_filter ] --END-- [ RunTime:0.000102s ]
INFO: Run Behavior\ParseTemplateBehavior [ RunTime:0.007762s ]
INFO: [ view_parse ] --END-- [ RunTime:0.007839s ]
INFO: [ view_filter ] --START--
INFO: Run Behavior\WriteHtmlCacheBehavior [ RunTime:0.000340s ]
INFO: [ view_filter ] --END-- [ RunTime:0.000379s ]
INFO: [ app_end ] --START--
INFO: Run Behavior\ShowPageTraceBehavior [ RunTime:0.000578s ]
INFO: [ app_end ] --END-- [ RunTime:0.000615s ]

[ 2016-09-20T19:32:57+08:00 ] ::1 /blog/index.php/Home/Index/
INFO: [ app_init ] --START--
INFO: Run Behavior\BuildLiteBehavior [ RunTime:0.000020s ]
INFO: [ app_init ] --END-- [ RunTime:0.000532s ]
INFO: [ app_begin ] --START--
INFO: Run Behavior\ReadHtmlCacheBehavior [ RunTime:0.000679s ]
INFO: [ app_begin ] --END-- [ RunTime:0.000760s ]
SQL: SHOW COLUMNS FROM `art` [ RunTime:0.0228s ]
SQL: SELECT * FROM `art`  [ RunTime:0.0005s ]
NOTIC: [2] Missing argument 1 for Think\Controller::show(), called in D:\xampp\htdocs\blog\Home\Controller\IndexController.class.php on line 10 and defined D:\xampp\htdocs\ThinkPHP\Library\Think\Controller.class.php 第 68 行.
NOTIC: [8] Undefined variable: content D:\xampp\htdocs\ThinkPHP\Library\Think\Controller.class.php 第 69 行.
INFO: [ view_parse ] --START--
INFO: [ template_filter ] --START--
INFO: Run Behavior\ContentReplaceBehavior [ RunTime:0.000053s ]
INFO: [ template_filter ] --END-- [ RunTime:0.000107s ]
NOTIC: [8] Use of undefined constant index - assumed 'index' D:\xampp\htdocs\blog\Runtime\Cache\Home\9fd615a7c1fcdddda609372a495acc38.php 第 52 行.
NOTIC: [8] Use of undefined constant art_id - assumed 'art_id' D:\xampp\htdocs\blog\Runtime\Cache\Home\9fd615a7c1fcdddda609372a495acc38.php 第 61 行.
NOTIC: [8] Use of undefined constant art_id - assumed 'art_id' D:\xampp\htdocs\blog\Runtime\Cache\Home\9fd615a7c1fcdddda609372a495acc38.php 第 61 行.
NOTIC: [8] Use of undefined constant art_id - assumed 'art_id' D:\xampp\htdocs\blog\Runtime\Cache\Home\9fd615a7c1fcdddda609372a495acc38.php 第 61 行.
NOTIC: [8] Use of undefined constant art_id - assumed 'art_id' D:\xampp\htdocs\blog\Runtime\Cache\Home\9fd615a7c1fcdddda609372a495acc38.php 第 61 行.
NOTIC: [8] Use of undefined constant art_id - assumed 'art_id' D:\xampp\htdocs\blog\Runtime\Cache\Home\9fd615a7c1fcdddda609372a495acc38.php 第 61 行.
NOTIC: [8] Use of undefined constant art_id - assumed 'art_id' D:\xampp\htdocs\blog\Runtime\Cache\Home\9fd615a7c1fcdddda609372a495acc38.php 第 61 行.
NOTIC: [8] Use of undefined constant art_id - assumed 'art_id' D:\xampp\htdocs\blog\Runtime\Cache\Home\9fd615a7c1fcdddda609372a495acc38.php 第 61 行.
NOTIC: [8] Use of undefined constant art_id - assumed 'art_id' D:\xampp\htdocs\blog\Runtime\Cache\Home\9fd615a7c1fcdddda609372a495acc38.php 第 61 行.
NOTIC: [8] Use of undefined constant art_id - assumed 'art_id' D:\xampp\htdocs\blog\Runtime\Cache\Home\9fd615a7c1fcdddda609372a495acc38.php 第 61 行.
NOTIC: [8] Use of undefined constant art_id - assumed 'art_id' D:\xampp\htdocs\blog\Runtime\Cache\Home\9fd615a7c1fcdddda609372a495acc38.php 第 61 行.
NOTIC: [8] Use of undefined constant art_id - assumed 'art_id' D:\xampp\htdocs\blog\Runtime\Cache\Home\9fd615a7c1fcdddda609372a495acc38.php 第 61 行.
NOTIC: [8] Use of undefined constant art_id - assumed 'art_id' D:\xampp\htdocs\blog\Runtime\Cache\Home\9fd615a7c1fcdddda609372a495acc38.php 第 61 行.
INFO: Run Behavior\ParseTemplateBehavior [ RunTime:0.062678s ]
INFO: [ view_parse ] --END-- [ RunTime:0.062750s ]
INFO: [ view_filter ] --START--
INFO: Run Behavior\WriteHtmlCacheBehavior [ RunTime:0.000273s ]
INFO: [ view_filter ] --END-- [ RunTime:0.000310s ]
INFO: [ app_end ] --START--
INFO: Run Behavior\ShowPageTraceBehavior [ RunTime:0.000483s ]
INFO: [ app_end ] --END-- [ RunTime:0.000526s ]

[ 2016-09-20T19:33:02+08:00 ] ::1 /blog/index.php/Home/Index/index.html
INFO: [ app_init ] --START--
INFO: Run Behavior\BuildLiteBehavior [ RunTime:0.000014s ]
INFO: [ app_init ] --END-- [ RunTime:0.000379s ]
INFO: [ app_begin ] --START--
INFO: Run Behavior\ReadHtmlCacheBehavior [ RunTime:0.000455s ]
INFO: [ app_begin ] --END-- [ RunTime:0.000502s ]
SQL: SHOW COLUMNS FROM `art` [ RunTime:0.0215s ]
SQL: SELECT * FROM `art`  [ RunTime:0.0004s ]
NOTIC: [2] Missing argument 1 for Think\Controller::show(), called in D:\xampp\htdocs\blog\Home\Controller\IndexController.class.php on line 10 and defined D:\xampp\htdocs\ThinkPHP\Library\Think\Controller.class.php 第 68 行.
NOTIC: [8] Undefined variable: content D:\xampp\htdocs\ThinkPHP\Library\Think\Controller.class.php 第 69 行.
INFO: [ view_parse ] --START--
INFO: [ template_filter ] --START--
INFO: Run Behavior\ContentReplaceBehavior [ RunTime:0.000049s ]
INFO: [ template_filter ] --END-- [ RunTime:0.000095s ]
NOTIC: [8] Use of undefined constant index - assumed 'index' D:\xampp\htdocs\blog\Runtime\Cache\Home\9fd615a7c1fcdddda609372a495acc38.php 第 52 行.
NOTIC: [8] Use of undefined constant art_id - assumed 'art_id' D:\xampp\htdocs\blog\Runtime\Cache\Home\9fd615a7c1fcdddda609372a495acc38.php 第 61 行.
NOTIC: [8] Use of undefined constant art_id - assumed 'art_id' D:\xampp\htdocs\blog\Runtime\Cache\Home\9fd615a7c1fcdddda609372a495acc38.php 第 61 行.
NOTIC: [8] Use of undefined constant art_id - assumed 'art_id' D:\xampp\htdocs\blog\Runtime\Cache\Home\9fd615a7c1fcdddda609372a495acc38.php 第 61 行.
NOTIC: [8] Use of undefined constant art_id - assumed 'art_id' D:\xampp\htdocs\blog\Runtime\Cache\Home\9fd615a7c1fcdddda609372a495acc38.php 第 61 行.
NOTIC: [8] Use of undefined constant art_id - assumed 'art_id' D:\xampp\htdocs\blog\Runtime\Cache\Home\9fd615a7c1fcdddda609372a495acc38.php 第 61 行.
NOTIC: [8] Use of undefined constant art_id - assumed 'art_id' D:\xampp\htdocs\blog\Runtime\Cache\Home\9fd615a7c1fcdddda609372a495acc38.php 第 61 行.
NOTIC: [8] Use of undefined constant art_id - assumed 'art_id' D:\xampp\htdocs\blog\Runtime\Cache\Home\9fd615a7c1fcdddda609372a495acc38.php 第 61 行.
NOTIC: [8] Use of undefined constant art_id - assumed 'art_id' D:\xampp\htdocs\blog\Runtime\Cache\Home\9fd615a7c1fcdddda609372a495acc38.php 第 61 行.
NOTIC: [8] Use of undefined constant art_id - assumed 'art_id' D:\xampp\htdocs\blog\Runtime\Cache\Home\9fd615a7c1fcdddda609372a495acc38.php 第 61 行.
NOTIC: [8] Use of undefined constant art_id - assumed 'art_id' D:\xampp\htdocs\blog\Runtime\Cache\Home\9fd615a7c1fcdddda609372a495acc38.php 第 61 行.
NOTIC: [8] Use of undefined constant art_id - assumed 'art_id' D:\xampp\htdocs\blog\Runtime\Cache\Home\9fd615a7c1fcdddda609372a495acc38.php 第 61 行.
NOTIC: [8] Use of undefined constant art_id - assumed 'art_id' D:\xampp\htdocs\blog\Runtime\Cache\Home\9fd615a7c1fcdddda609372a495acc38.php 第 61 行.
INFO: Run Behavior\ParseTemplateBehavior [ RunTime:0.009888s ]
INFO: [ view_parse ] --END-- [ RunTime:0.009983s ]
INFO: [ view_filter ] --START--
INFO: Run Behavior\WriteHtmlCacheBehavior [ RunTime:0.000399s ]
INFO: [ view_filter ] --END-- [ RunTime:0.000461s ]
INFO: [ app_end ] --START--
INFO: Run Behavior\ShowPageTraceBehavior [ RunTime:0.000670s ]
INFO: [ app_end ] --END-- [ RunTime:0.000737s ]

[ 2016-09-20T19:33:03+08:00 ] ::1 /blog/index.php/Home/Index/art/art_id/1.html
INFO: [ app_init ] --START--
INFO: Run Behavior\BuildLiteBehavior [ RunTime:0.000028s ]
INFO: [ app_init ] --END-- [ RunTime:0.000505s ]
INFO: [ app_begin ] --START--
INFO: Run Behavior\ReadHtmlCacheBehavior [ RunTime:0.000628s ]
INFO: [ app_begin ] --END-- [ RunTime:0.000700s ]
SQL: SHOW COLUMNS FROM `art` [ RunTime:0.0223s ]
SQL: SELECT * FROM `art` WHERE `art_id` = 1 LIMIT 1   [ RunTime:0.0006s ]
NOTIC: [2] Missing argument 1 for Think\Controller::show(), called in D:\xampp\htdocs\blog\Home\Controller\IndexController.class.php on line 23 and defined D:\xampp\htdocs\ThinkPHP\Library\Think\Controller.class.php 第 68 行.
NOTIC: [8] Undefined variable: content D:\xampp\htdocs\ThinkPHP\Library\Think\Controller.class.php 第 69 行.
INFO: [ view_parse ] --START--
INFO: [ template_filter ] --START--
INFO: Run Behavior\ContentReplaceBehavior [ RunTime:0.000083s ]
INFO: [ template_filter ] --END-- [ RunTime:0.000164s ]
INFO: Run Behavior\ParseTemplateBehavior [ RunTime:0.010807s ]
INFO: [ view_parse ] --END-- [ RunTime:0.010877s ]
INFO: [ view_filter ] --START--
INFO: Run Behavior\WriteHtmlCacheBehavior [ RunTime:0.000263s ]
INFO: [ view_filter ] --END-- [ RunTime:0.000309s ]
INFO: [ app_end ] --START--
INFO: Run Behavior\ShowPageTraceBehavior [ RunTime:0.000497s ]
INFO: [ app_end ] --END-- [ RunTime:0.000541s ]

[ 2016-09-20T19:33:41+08:00 ] ::1 /blog/index.php/Home/Index/art/art_id/1.html
INFO: [ app_init ] --START--
INFO: Run Behavior\BuildLiteBehavior [ RunTime:0.000012s ]
INFO: [ app_init ] --END-- [ RunTime:0.000321s ]
INFO: [ app_begin ] --START--
INFO: Run Behavior\ReadHtmlCacheBehavior [ RunTime:0.000520s ]
INFO: [ app_begin ] --END-- [ RunTime:0.000582s ]
SQL: SHOW COLUMNS FROM `art` [ RunTime:0.0107s ]
SQL: SELECT * FROM `art` WHERE `art_id` = 1 LIMIT 1   [ RunTime:0.0004s ]
NOTIC: [2] Missing argument 1 for Think\Controller::show(), called in D:\xampp\htdocs\blog\Home\Controller\IndexController.class.php on line 23 and defined D:\xampp\htdocs\ThinkPHP\Library\Think\Controller.class.php 第 68 行.
NOTIC: [8] Undefined variable: content D:\xampp\htdocs\ThinkPHP\Library\Think\Controller.class.php 第 69 行.
INFO: [ view_parse ] --START--
INFO: [ template_filter ] --START--
INFO: Run Behavior\ContentReplaceBehavior [ RunTime:0.000047s ]
INFO: [ template_filter ] --END-- [ RunTime:0.000092s ]
INFO: Run Behavior\ParseTemplateBehavior [ RunTime:0.006431s ]
INFO: [ view_parse ] --END-- [ RunTime:0.006489s ]
INFO: [ view_filter ] --START--
INFO: Run Behavior\WriteHtmlCacheBehavior [ RunTime:0.000301s ]
INFO: [ view_filter ] --END-- [ RunTime:0.000337s ]
INFO: [ app_end ] --START--
INFO: Run Behavior\ShowPageTraceBehavior [ RunTime:0.000434s ]
INFO: [ app_end ] --END-- [ RunTime:0.000472s ]

[ 2016-09-20T19:33:48+08:00 ] ::1 /blog/index.php/Home/Index/art/art_id/index.html
INFO: [ app_init ] --START--
INFO: Run Behavior\BuildLiteBehavior [ RunTime:0.000019s ]
INFO: [ app_init ] --END-- [ RunTime:0.000605s ]
INFO: [ app_begin ] --START--
INFO: Run Behavior\ReadHtmlCacheBehavior [ RunTime:0.001333s ]
INFO: [ app_begin ] --END-- [ RunTime:0.001493s ]
SQL: SHOW COLUMNS FROM `art` [ RunTime:0.0167s ]
SQL: SELECT * FROM `art` WHERE `art_id` = 0 LIMIT 1   [ RunTime:0.0003s ]
NOTIC: [2] Missing argument 1 for Think\Controller::show(), called in D:\xampp\htdocs\blog\Home\Controller\IndexController.class.php on line 23 and defined D:\xampp\htdocs\ThinkPHP\Library\Think\Controller.class.php 第 68 行.
NOTIC: [8] Undefined variable: content D:\xampp\htdocs\ThinkPHP\Library\Think\Controller.class.php 第 69 行.
INFO: [ view_parse ] --START--
INFO: [ template_filter ] --START--
INFO: Run Behavior\ContentReplaceBehavior [ RunTime:0.000058s ]
INFO: [ template_filter ] --END-- [ RunTime:0.000115s ]
INFO: Run Behavior\ParseTemplateBehavior [ RunTime:0.007960s ]
INFO: [ view_parse ] --END-- [ RunTime:0.008020s ]
INFO: [ view_filter ] --START--
INFO: Run Behavior\WriteHtmlCacheBehavior [ RunTime:0.000239s ]
INFO: [ view_filter ] --END-- [ RunTime:0.000278s ]
INFO: [ app_end ] --START--
INFO: Run Behavior\ShowPageTraceBehavior [ RunTime:0.000491s ]
INFO: [ app_end ] --END-- [ RunTime:0.000545s ]

[ 2016-09-20T19:33:53+08:00 ] ::1 /blog/index.php/Home/Index/index.html
INFO: [ app_init ] --START--
INFO: Run Behavior\BuildLiteBehavior [ RunTime:0.000011s ]
INFO: [ app_init ] --END-- [ RunTime:0.000320s ]
INFO: [ app_begin ] --START--
INFO: Run Behavior\ReadHtmlCacheBehavior [ RunTime:0.000411s ]
INFO: [ app_begin ] --END-- [ RunTime:0.000498s ]
SQL: SHOW COLUMNS FROM `art` [ RunTime:0.0179s ]
SQL: SELECT * FROM `art`  [ RunTime:0.0004s ]
NOTIC: [2] Missing argument 1 for Think\Controller::show(), called in D:\xampp\htdocs\blog\Home\Controller\IndexController.class.php on line 10 and defined D:\xampp\htdocs\ThinkPHP\Library\Think\Controller.class.php 第 68 行.
NOTIC: [8] Undefined variable: content D:\xampp\htdocs\ThinkPHP\Library\Think\Controller.class.php 第 69 行.
INFO: [ view_parse ] --START--
INFO: [ template_filter ] --START--
INFO: Run Behavior\ContentReplaceBehavior [ RunTime:0.000048s ]
INFO: [ template_filter ] --END-- [ RunTime:0.000105s ]
NOTIC: [8] Use of undefined constant art_id - assumed 'art_id' D:\xampp\htdocs\blog\Runtime\Cache\Home\9fd615a7c1fcdddda609372a495acc38.php 第 61 行.
NOTIC: [8] Use of undefined constant art_id - assumed 'art_id' D:\xampp\htdocs\blog\Runtime\Cache\Home\9fd615a7c1fcdddda609372a495acc38.php 第 61 行.
NOTIC: [8] Use of undefined constant art_id - assumed 'art_id' D:\xampp\htdocs\blog\Runtime\Cache\Home\9fd615a7c1fcdddda609372a495acc38.php 第 61 行.
NOTIC: [8] Use of undefined constant art_id - assumed 'art_id' D:\xampp\htdocs\blog\Runtime\Cache\Home\9fd615a7c1fcdddda609372a495acc38.php 第 61 行.
NOTIC: [8] Use of undefined constant art_id - assumed 'art_id' D:\xampp\htdocs\blog\Runtime\Cache\Home\9fd615a7c1fcdddda609372a495acc38.php 第 61 行.
NOTIC: [8] Use of undefined constant art_id - assumed 'art_id' D:\xampp\htdocs\blog\Runtime\Cache\Home\9fd615a7c1fcdddda609372a495acc38.php 第 61 行.
NOTIC: [8] Use of undefined constant art_id - assumed 'art_id' D:\xampp\htdocs\blog\Runtime\Cache\Home\9fd615a7c1fcdddda609372a495acc38.php 第 61 行.
NOTIC: [8] Use of undefined constant art_id - assumed 'art_id' D:\xampp\htdocs\blog\Runtime\Cache\Home\9fd615a7c1fcdddda609372a495acc38.php 第 61 行.
NOTIC: [8] Use of undefined constant art_id - assumed 'art_id' D:\xampp\htdocs\blog\Runtime\Cache\Home\9fd615a7c1fcdddda609372a495acc38.php 第 61 行.
NOTIC: [8] Use of undefined constant art_id - assumed 'art_id' D:\xampp\htdocs\blog\Runtime\Cache\Home\9fd615a7c1fcdddda609372a495acc38.php 第 61 行.
NOTIC: [8] Use of undefined constant art_id - assumed 'art_id' D:\xampp\htdocs\blog\Runtime\Cache\Home\9fd615a7c1fcdddda609372a495acc38.php 第 61 行.
NOTIC: [8] Use of undefined constant art_id - assumed 'art_id' D:\xampp\htdocs\blog\Runtime\Cache\Home\9fd615a7c1fcdddda609372a495acc38.php 第 61 行.
INFO: Run Behavior\ParseTemplateBehavior [ RunTime:0.054411s ]
INFO: [ view_parse ] --END-- [ RunTime:0.054463s ]
INFO: [ view_filter ] --START--
INFO: Run Behavior\WriteHtmlCacheBehavior [ RunTime:0.000226s ]
INFO: [ view_filter ] --END-- [ RunTime:0.000260s ]
INFO: [ app_end ] --START--
INFO: Run Behavior\ShowPageTraceBehavior [ RunTime:0.000473s ]
INFO: [ app_end ] --END-- [ RunTime:0.000513s ]

[ 2016-09-20T19:34:09+08:00 ] ::1 /blog/index.php/Home/Index/index.html
INFO: [ app_init ] --START--
INFO: Run Behavior\BuildLiteBehavior [ RunTime:0.000011s ]
INFO: [ app_init ] --END-- [ RunTime:0.000326s ]
INFO: [ app_begin ] --START--
INFO: Run Behavior\ReadHtmlCacheBehavior [ RunTime:0.000406s ]
INFO: [ app_begin ] --END-- [ RunTime:0.000452s ]
SQL: SHOW COLUMNS FROM `art` [ RunTime:0.0161s ]
SQL: SELECT * FROM `art`  [ RunTime:0.0004s ]
NOTIC: [2] Missing argument 1 for Think\Controller::show(), called in D:\xampp\htdocs\blog\Home\Controller\IndexController.class.php on line 10 and defined D:\xampp\htdocs\ThinkPHP\Library\Think\Controller.class.php 第 68 行.
NOTIC: [8] Undefined variable: content D:\xampp\htdocs\ThinkPHP\Library\Think\Controller.class.php 第 69 行.
INFO: [ view_parse ] --START--
INFO: [ template_filter ] --START--
INFO: Run Behavior\ContentReplaceBehavior [ RunTime:0.000086s ]
INFO: [ template_filter ] --END-- [ RunTime:0.000243s ]
NOTIC: [8] Use of undefined constant art_id - assumed 'art_id' D:\xampp\htdocs\blog\Runtime\Cache\Home\9fd615a7c1fcdddda609372a495acc38.php 第 61 行.
NOTIC: [8] Use of undefined constant art_id - assumed 'art_id' D:\xampp\htdocs\blog\Runtime\Cache\Home\9fd615a7c1fcdddda609372a495acc38.php 第 61 行.
NOTIC: [8] Use of undefined constant art_id - assumed 'art_id' D:\xampp\htdocs\blog\Runtime\Cache\Home\9fd615a7c1fcdddda609372a495acc38.php 第 61 行.
NOTIC: [8] Use of undefined constant art_id - assumed 'art_id' D:\xampp\htdocs\blog\Runtime\Cache\Home\9fd615a7c1fcdddda609372a495acc38.php 第 61 行.
NOTIC: [8] Use of undefined constant art_id - assumed 'art_id' D:\xampp\htdocs\blog\Runtime\Cache\Home\9fd615a7c1fcdddda609372a495acc38.php 第 61 行.
NOTIC: [8] Use of undefined constant art_id - assumed 'art_id' D:\xampp\htdocs\blog\Runtime\Cache\Home\9fd615a7c1fcdddda609372a495acc38.php 第 61 行.
NOTIC: [8] Use of undefined constant art_id - assumed 'art_id' D:\xampp\htdocs\blog\Runtime\Cache\Home\9fd615a7c1fcdddda609372a495acc38.php 第 61 行.
NOTIC: [8] Use of undefined constant art_id - assumed 'art_id' D:\xampp\htdocs\blog\Runtime\Cache\Home\9fd615a7c1fcdddda609372a495acc38.php 第 61 行.
NOTIC: [8] Use of undefined constant art_id - assumed 'art_id' D:\xampp\htdocs\blog\Runtime\Cache\Home\9fd615a7c1fcdddda609372a495acc38.php 第 61 行.
NOTIC: [8] Use of undefined constant art_id - assumed 'art_id' D:\xampp\htdocs\blog\Runtime\Cache\Home\9fd615a7c1fcdddda609372a495acc38.php 第 61 行.
NOTIC: [8] Use of undefined constant art_id - assumed 'art_id' D:\xampp\htdocs\blog\Runtime\Cache\Home\9fd615a7c1fcdddda609372a495acc38.php 第 61 行.
NOTIC: [8] Use of undefined constant art_id - assumed 'art_id' D:\xampp\htdocs\blog\Runtime\Cache\Home\9fd615a7c1fcdddda609372a495acc38.php 第 61 行.
INFO: Run Behavior\ParseTemplateBehavior [ RunTime:0.009671s ]
INFO: [ view_parse ] --END-- [ RunTime:0.009720s ]
INFO: [ view_filter ] --START--
INFO: Run Behavior\WriteHtmlCacheBehavior [ RunTime:0.000309s ]
INFO: [ view_filter ] --END-- [ RunTime:0.000347s ]
INFO: [ app_end ] --START--
INFO: Run Behavior\ShowPageTraceBehavior [ RunTime:0.000479s ]
INFO: [ app_end ] --END-- [ RunTime:0.000523s ]

[ 2016-09-20T19:34:10+08:00 ] ::1 /blog/index.php/Home/Index/art/art_id/1.html
INFO: [ app_init ] --START--
INFO: Run Behavior\BuildLiteBehavior [ RunTime:0.000014s ]
INFO: [ app_init ] --END-- [ RunTime:0.000394s ]
INFO: [ app_begin ] --START--
INFO: Run Behavior\ReadHtmlCacheBehavior [ RunTime:0.000645s ]
INFO: [ app_begin ] --END-- [ RunTime:0.000717s ]
SQL: SHOW COLUMNS FROM `art` [ RunTime:0.0189s ]
SQL: SELECT * FROM `art` WHERE `art_id` = 1 LIMIT 1   [ RunTime:0.0004s ]
NOTIC: [2] Missing argument 1 for Think\Controller::show(), called in D:\xampp\htdocs\blog\Home\Controller\IndexController.class.php on line 23 and defined D:\xampp\htdocs\ThinkPHP\Library\Think\Controller.class.php 第 68 行.
NOTIC: [8] Undefined variable: content D:\xampp\htdocs\ThinkPHP\Library\Think\Controller.class.php 第 69 行.
INFO: [ view_parse ] --START--
INFO: [ template_filter ] --START--
INFO: Run Behavior\ContentReplaceBehavior [ RunTime:0.000121s ]
INFO: [ template_filter ] --END-- [ RunTime:0.000250s ]
INFO: Run Behavior\ParseTemplateBehavior [ RunTime:0.057561s ]
INFO: [ view_parse ] --END-- [ RunTime:0.057699s ]
INFO: [ view_filter ] --START--
INFO: Run Behavior\WriteHtmlCacheBehavior [ RunTime:0.000375s ]
INFO: [ view_filter ] --END-- [ RunTime:0.000441s ]
INFO: [ app_end ] --START--
INFO: Run Behavior\ShowPageTraceBehavior [ RunTime:0.000712s ]
INFO: [ app_end ] --END-- [ RunTime:0.000777s ]

[ 2016-09-20T19:34:32+08:00 ] ::1 /blog/index.php/Home/Index/art/art_id/1.html
INFO: [ app_init ] --START--
INFO: Run Behavior\BuildLiteBehavior [ RunTime:0.000014s ]
INFO: [ app_init ] --END-- [ RunTime:0.000355s ]
INFO: [ app_begin ] --START--
INFO: Run Behavior\ReadHtmlCacheBehavior [ RunTime:0.000446s ]
INFO: [ app_begin ] --END-- [ RunTime:0.000506s ]
SQL: SHOW COLUMNS FROM `art` [ RunTime:0.0169s ]
SQL: SELECT * FROM `art` WHERE `art_id` = 1 LIMIT 1   [ RunTime:0.0004s ]
NOTIC: [2] Missing argument 1 for Think\Controller::show(), called in D:\xampp\htdocs\blog\Home\Controller\IndexController.class.php on line 23 and defined D:\xampp\htdocs\ThinkPHP\Library\Think\Controller.class.php 第 68 行.
NOTIC: [8] Undefined variable: content D:\xampp\htdocs\ThinkPHP\Library\Think\Controller.class.php 第 69 行.
INFO: [ view_parse ] --START--
INFO: [ template_filter ] --START--
INFO: Run Behavior\ContentReplaceBehavior [ RunTime:0.000067s ]
INFO: [ template_filter ] --END-- [ RunTime:0.000117s ]
INFO: Run Behavior\ParseTemplateBehavior [ RunTime:0.045156s ]
INFO: [ view_parse ] --END-- [ RunTime:0.045227s ]
INFO: [ view_filter ] --START--
INFO: Run Behavior\WriteHtmlCacheBehavior [ RunTime:0.000400s ]
INFO: [ view_filter ] --END-- [ RunTime:0.000455s ]
INFO: [ app_end ] --START--
INFO: Run Behavior\ShowPageTraceBehavior [ RunTime:0.000642s ]
INFO: [ app_end ] --END-- [ RunTime:0.000697s ]

[ 2016-09-20T19:34:36+08:00 ] ::1 /blog/index.php/
INFO: [ app_init ] --START--
INFO: Run Behavior\BuildLiteBehavior [ RunTime:0.000012s ]
INFO: [ app_init ] --END-- [ RunTime:0.000323s ]
INFO: [ app_begin ] --START--
INFO: Run Behavior\ReadHtmlCacheBehavior [ RunTime:0.000611s ]
INFO: [ app_begin ] --END-- [ RunTime:0.000696s ]
SQL: SHOW COLUMNS FROM `art` [ RunTime:0.0120s ]
SQL: SELECT * FROM `art`  [ RunTime:0.0004s ]
NOTIC: [2] Missing argument 1 for Think\Controller::show(), called in D:\xampp\htdocs\blog\Home\Controller\IndexController.class.php on line 10 and defined D:\xampp\htdocs\ThinkPHP\Library\Think\Controller.class.php 第 68 行.
NOTIC: [8] Undefined variable: content D:\xampp\htdocs\ThinkPHP\Library\Think\Controller.class.php 第 69 行.
INFO: [ view_parse ] --START--
INFO: [ template_filter ] --START--
INFO: Run Behavior\ContentReplaceBehavior [ RunTime:0.000057s ]
INFO: [ template_filter ] --END-- [ RunTime:0.000118s ]
NOTIC: [8] Use of undefined constant art_id - assumed 'art_id' D:\xampp\htdocs\blog\Runtime\Cache\Home\9fd615a7c1fcdddda609372a495acc38.php 第 61 行.
NOTIC: [8] Use of undefined constant art_id - assumed 'art_id' D:\xampp\htdocs\blog\Runtime\Cache\Home\9fd615a7c1fcdddda609372a495acc38.php 第 61 行.
NOTIC: [8] Use of undefined constant art_id - assumed 'art_id' D:\xampp\htdocs\blog\Runtime\Cache\Home\9fd615a7c1fcdddda609372a495acc38.php 第 61 行.
NOTIC: [8] Use of undefined constant art_id - assumed 'art_id' D:\xampp\htdocs\blog\Runtime\Cache\Home\9fd615a7c1fcdddda609372a495acc38.php 第 61 行.
NOTIC: [8] Use of undefined constant art_id - assumed 'art_id' D:\xampp\htdocs\blog\Runtime\Cache\Home\9fd615a7c1fcdddda609372a495acc38.php 第 61 行.
NOTIC: [8] Use of undefined constant art_id - assumed 'art_id' D:\xampp\htdocs\blog\Runtime\Cache\Home\9fd615a7c1fcdddda609372a495acc38.php 第 61 行.
NOTIC: [8] Use of undefined constant art_id - assumed 'art_id' D:\xampp\htdocs\blog\Runtime\Cache\Home\9fd615a7c1fcdddda609372a495acc38.php 第 61 行.
NOTIC: [8] Use of undefined constant art_id - assumed 'art_id' D:\xampp\htdocs\blog\Runtime\Cache\Home\9fd615a7c1fcdddda609372a495acc38.php 第 61 行.
NOTIC: [8] Use of undefined constant art_id - assumed 'art_id' D:\xampp\htdocs\blog\Runtime\Cache\Home\9fd615a7c1fcdddda609372a495acc38.php 第 61 行.
NOTIC: [8] Use of undefined constant art_id - assumed 'art_id' D:\xampp\htdocs\blog\Runtime\Cache\Home\9fd615a7c1fcdddda609372a495acc38.php 第 61 行.
NOTIC: [8] Use of undefined constant art_id - assumed 'art_id' D:\xampp\htdocs\blog\Runtime\Cache\Home\9fd615a7c1fcdddda609372a495acc38.php 第 61 行.
NOTIC: [8] Use of undefined constant art_id - assumed 'art_id' D:\xampp\htdocs\blog\Runtime\Cache\Home\9fd615a7c1fcdddda609372a495acc38.php 第 61 行.
INFO: Run Behavior\ParseTemplateBehavior [ RunTime:0.008205s ]
INFO: [ view_parse ] --END-- [ RunTime:0.008260s ]
INFO: [ view_filter ] --START--
INFO: Run Behavior\WriteHtmlCacheBehavior [ RunTime:0.000223s ]
INFO: [ view_filter ] --END-- [ RunTime:0.000257s ]
INFO: [ app_end ] --START--
INFO: Run Behavior\ShowPageTraceBehavior [ RunTime:0.000456s ]
INFO: [ app_end ] --END-- [ RunTime:0.000492s ]

[ 2016-09-20T19:35:16+08:00 ] ::1 /blog/index.php/Home/Index/art/art_id/1.html
INFO: [ app_init ] --START--
INFO: Run Behavior\BuildLiteBehavior [ RunTime:0.000013s ]
INFO: [ app_init ] --END-- [ RunTime:0.000363s ]
INFO: [ app_begin ] --START--
INFO: Run Behavior\ReadHtmlCacheBehavior [ RunTime:0.000567s ]
INFO: [ app_begin ] --END-- [ RunTime:0.000617s ]
SQL: SHOW COLUMNS FROM `art` [ RunTime:0.0168s ]
SQL: SELECT * FROM `art` WHERE `art_id` = 1 LIMIT 1   [ RunTime:0.0004s ]
NOTIC: [2] Missing argument 1 for Think\Controller::show(), called in D:\xampp\htdocs\blog\Home\Controller\IndexController.class.php on line 23 and defined D:\xampp\htdocs\ThinkPHP\Library\Think\Controller.class.php 第 68 行.
NOTIC: [8] Undefined variable: content D:\xampp\htdocs\ThinkPHP\Library\Think\Controller.class.php 第 69 行.
INFO: [ view_parse ] --START--
INFO: [ template_filter ] --START--
INFO: Run Behavior\ContentReplaceBehavior [ RunTime:0.000060s ]
INFO: [ template_filter ] --END-- [ RunTime:0.000106s ]
INFO: Run Behavior\ParseTemplateBehavior [ RunTime:0.047658s ]
INFO: [ view_parse ] --END-- [ RunTime:0.047738s ]
INFO: [ view_filter ] --START--
INFO: Run Behavior\WriteHtmlCacheBehavior [ RunTime:0.000329s ]
INFO: [ view_filter ] --END-- [ RunTime:0.000366s ]
INFO: [ app_end ] --START--
INFO: Run Behavior\ShowPageTraceBehavior [ RunTime:0.000805s ]
INFO: [ app_end ] --END-- [ RunTime:0.000857s ]

[ 2016-09-20T19:35:18+08:00 ] ::1 /blog/index.php/Home/Index.html
INFO: [ app_init ] --START--
INFO: Run Behavior\BuildLiteBehavior [ RunTime:0.000037s ]
INFO: [ app_init ] --END-- [ RunTime:0.000420s ]
INFO: [ app_begin ] --START--
INFO: Run Behavior\ReadHtmlCacheBehavior [ RunTime:0.000504s ]
INFO: [ app_begin ] --END-- [ RunTime:0.000598s ]
SQL: SHOW COLUMNS FROM `art` [ RunTime:0.0158s ]
SQL: SELECT * FROM `art`  [ RunTime:0.0004s ]
NOTIC: [2] Missing argument 1 for Think\Controller::show(), called in D:\xampp\htdocs\blog\Home\Controller\IndexController.class.php on line 10 and defined D:\xampp\htdocs\ThinkPHP\Library\Think\Controller.class.php 第 68 行.
NOTIC: [8] Undefined variable: content D:\xampp\htdocs\ThinkPHP\Library\Think\Controller.class.php 第 69 行.
INFO: [ view_parse ] --START--
INFO: [ template_filter ] --START--
INFO: Run Behavior\ContentReplaceBehavior [ RunTime:0.000109s ]
INFO: [ template_filter ] --END-- [ RunTime:0.000268s ]
NOTIC: [8] Use of undefined constant art_id - assumed 'art_id' D:\xampp\htdocs\blog\Runtime\Cache\Home\9fd615a7c1fcdddda609372a495acc38.php 第 61 行.
NOTIC: [8] Use of undefined constant art_id - assumed 'art_id' D:\xampp\htdocs\blog\Runtime\Cache\Home\9fd615a7c1fcdddda609372a495acc38.php 第 61 行.
NOTIC: [8] Use of undefined constant art_id - assumed 'art_id' D:\xampp\htdocs\blog\Runtime\Cache\Home\9fd615a7c1fcdddda609372a495acc38.php 第 61 行.
NOTIC: [8] Use of undefined constant art_id - assumed 'art_id' D:\xampp\htdocs\blog\Runtime\Cache\Home\9fd615a7c1fcdddda609372a495acc38.php 第 61 行.
NOTIC: [8] Use of undefined constant art_id - assumed 'art_id' D:\xampp\htdocs\blog\Runtime\Cache\Home\9fd615a7c1fcdddda609372a495acc38.php 第 61 行.
NOTIC: [8] Use of undefined constant art_id - assumed 'art_id' D:\xampp\htdocs\blog\Runtime\Cache\Home\9fd615a7c1fcdddda609372a495acc38.php 第 61 行.
NOTIC: [8] Use of undefined constant art_id - assumed 'art_id' D:\xampp\htdocs\blog\Runtime\Cache\Home\9fd615a7c1fcdddda609372a495acc38.php 第 61 行.
NOTIC: [8] Use of undefined constant art_id - assumed 'art_id' D:\xampp\htdocs\blog\Runtime\Cache\Home\9fd615a7c1fcdddda609372a495acc38.php 第 61 行.
NOTIC: [8] Use of undefined constant art_id - assumed 'art_id' D:\xampp\htdocs\blog\Runtime\Cache\Home\9fd615a7c1fcdddda609372a495acc38.php 第 61 行.
NOTIC: [8] Use of undefined constant art_id - assumed 'art_id' D:\xampp\htdocs\blog\Runtime\Cache\Home\9fd615a7c1fcdddda609372a495acc38.php 第 61 行.
NOTIC: [8] Use of undefined constant art_id - assumed 'art_id' D:\xampp\htdocs\blog\Runtime\Cache\Home\9fd615a7c1fcdddda609372a495acc38.php 第 61 行.
NOTIC: [8] Use of undefined constant art_id - assumed 'art_id' D:\xampp\htdocs\blog\Runtime\Cache\Home\9fd615a7c1fcdddda609372a495acc38.php 第 61 行.
INFO: Run Behavior\ParseTemplateBehavior [ RunTime:0.009231s ]
INFO: [ view_parse ] --END-- [ RunTime:0.009307s ]
INFO: [ view_filter ] --START--
INFO: Run Behavior\WriteHtmlCacheBehavior [ RunTime:0.000273s ]
INFO: [ view_filter ] --END-- [ RunTime:0.000320s ]
INFO: [ app_end ] --START--
INFO: Run Behavior\ShowPageTraceBehavior [ RunTime:0.000457s ]
INFO: [ app_end ] --END-- [ RunTime:0.000518s ]

[ 2016-09-20T19:44:28+08:00 ] ::1 /blog/index.php/Home/Index.html
INFO: [ app_init ] --START--
INFO: Run Behavior\BuildLiteBehavior [ RunTime:0.000012s ]
INFO: [ app_init ] --END-- [ RunTime:0.000420s ]
INFO: [ app_begin ] --START--
INFO: Run Behavior\ReadHtmlCacheBehavior [ RunTime:0.000526s ]
INFO: [ app_begin ] --END-- [ RunTime:0.000574s ]
SQL: SHOW COLUMNS FROM `art` [ RunTime:0.0168s ]
SQL: SELECT * FROM `art`  [ RunTime:0.0005s ]
NOTIC: [2] Missing argument 1 for Think\Controller::show(), called in D:\xampp\htdocs\blog\Home\Controller\IndexController.class.php on line 10 and defined D:\xampp\htdocs\ThinkPHP\Library\Think\Controller.class.php 第 68 行.
NOTIC: [8] Undefined variable: content D:\xampp\htdocs\ThinkPHP\Library\Think\Controller.class.php 第 69 行.
INFO: [ view_parse ] --START--
INFO: [ template_filter ] --START--
INFO: Run Behavior\ContentReplaceBehavior [ RunTime:0.000059s ]
INFO: [ template_filter ] --END-- [ RunTime:0.000115s ]
NOTIC: [8] Use of undefined constant art_id - assumed 'art_id' D:\xampp\htdocs\blog\Runtime\Cache\Home\9fd615a7c1fcdddda609372a495acc38.php 第 61 行.
NOTIC: [8] Use of undefined constant art_id - assumed 'art_id' D:\xampp\htdocs\blog\Runtime\Cache\Home\9fd615a7c1fcdddda609372a495acc38.php 第 61 行.
NOTIC: [8] Use of undefined constant art_id - assumed 'art_id' D:\xampp\htdocs\blog\Runtime\Cache\Home\9fd615a7c1fcdddda609372a495acc38.php 第 61 行.
NOTIC: [8] Use of undefined constant art_id - assumed 'art_id' D:\xampp\htdocs\blog\Runtime\Cache\Home\9fd615a7c1fcdddda609372a495acc38.php 第 61 行.
NOTIC: [8] Use of undefined constant art_id - assumed 'art_id' D:\xampp\htdocs\blog\Runtime\Cache\Home\9fd615a7c1fcdddda609372a495acc38.php 第 61 行.
NOTIC: [8] Use of undefined constant art_id - assumed 'art_id' D:\xampp\htdocs\blog\Runtime\Cache\Home\9fd615a7c1fcdddda609372a495acc38.php 第 61 行.
NOTIC: [8] Use of undefined constant art_id - assumed 'art_id' D:\xampp\htdocs\blog\Runtime\Cache\Home\9fd615a7c1fcdddda609372a495acc38.php 第 61 行.
NOTIC: [8] Use of undefined constant art_id - assumed 'art_id' D:\xampp\htdocs\blog\Runtime\Cache\Home\9fd615a7c1fcdddda609372a495acc38.php 第 61 行.
NOTIC: [8] Use of undefined constant art_id - assumed 'art_id' D:\xampp\htdocs\blog\Runtime\Cache\Home\9fd615a7c1fcdddda609372a495acc38.php 第 61 行.
NOTIC: [8] Use of undefined constant art_id - assumed 'art_id' D:\xampp\htdocs\blog\Runtime\Cache\Home\9fd615a7c1fcdddda609372a495acc38.php 第 61 行.
NOTIC: [8] Use of undefined constant art_id - assumed 'art_id' D:\xampp\htdocs\blog\Runtime\Cache\Home\9fd615a7c1fcdddda609372a495acc38.php 第 61 行.
NOTIC: [8] Use of undefined constant art_id - assumed 'art_id' D:\xampp\htdocs\blog\Runtime\Cache\Home\9fd615a7c1fcdddda609372a495acc38.php 第 61 行.
INFO: Run Behavior\ParseTemplateBehavior [ RunTime:0.057391s ]
INFO: [ view_parse ] --END-- [ RunTime:0.057448s ]
INFO: [ view_filter ] --START--
INFO: Run Behavior\WriteHtmlCacheBehavior [ RunTime:0.000585s ]
INFO: [ view_filter ] --END-- [ RunTime:0.000637s ]
INFO: [ app_end ] --START--
INFO: Run Behavior\ShowPageTraceBehavior [ RunTime:0.000719s ]
INFO: [ app_end ] --END-- [ RunTime:0.000769s ]

[ 2016-09-20T19:44:29+08:00 ] ::1 /blog/index.php/Home/Index.html
INFO: [ app_init ] --START--
INFO: Run Behavior\BuildLiteBehavior [ RunTime:0.000020s ]
INFO: [ app_init ] --END-- [ RunTime:0.000579s ]
INFO: [ app_begin ] --START--
INFO: Run Behavior\ReadHtmlCacheBehavior [ RunTime:0.001176s ]
INFO: [ app_begin ] --END-- [ RunTime:0.001351s ]
SQL: SHOW COLUMNS FROM `art` [ RunTime:0.0165s ]
SQL: SELECT * FROM `art`  [ RunTime:0.0004s ]
NOTIC: [2] Missing argument 1 for Think\Controller::show(), called in D:\xampp\htdocs\blog\Home\Controller\IndexController.class.php on line 10 and defined D:\xampp\htdocs\ThinkPHP\Library\Think\Controller.class.php 第 68 行.
NOTIC: [8] Undefined variable: content D:\xampp\htdocs\ThinkPHP\Library\Think\Controller.class.php 第 69 行.
INFO: [ view_parse ] --START--
INFO: [ template_filter ] --START--
INFO: Run Behavior\ContentReplaceBehavior [ RunTime:0.000092s ]
INFO: [ template_filter ] --END-- [ RunTime:0.000181s ]
NOTIC: [8] Use of undefined constant art_id - assumed 'art_id' D:\xampp\htdocs\blog\Runtime\Cache\Home\9fd615a7c1fcdddda609372a495acc38.php 第 61 行.
NOTIC: [8] Use of undefined constant art_id - assumed 'art_id' D:\xampp\htdocs\blog\Runtime\Cache\Home\9fd615a7c1fcdddda609372a495acc38.php 第 61 行.
NOTIC: [8] Use of undefined constant art_id - assumed 'art_id' D:\xampp\htdocs\blog\Runtime\Cache\Home\9fd615a7c1fcdddda609372a495acc38.php 第 61 行.
NOTIC: [8] Use of undefined constant art_id - assumed 'art_id' D:\xampp\htdocs\blog\Runtime\Cache\Home\9fd615a7c1fcdddda609372a495acc38.php 第 61 行.
NOTIC: [8] Use of undefined constant art_id - assumed 'art_id' D:\xampp\htdocs\blog\Runtime\Cache\Home\9fd615a7c1fcdddda609372a495acc38.php 第 61 行.
NOTIC: [8] Use of undefined constant art_id - assumed 'art_id' D:\xampp\htdocs\blog\Runtime\Cache\Home\9fd615a7c1fcdddda609372a495acc38.php 第 61 行.
NOTIC: [8] Use of undefined constant art_id - assumed 'art_id' D:\xampp\htdocs\blog\Runtime\Cache\Home\9fd615a7c1fcdddda609372a495acc38.php 第 61 行.
NOTIC: [8] Use of undefined constant art_id - assumed 'art_id' D:\xampp\htdocs\blog\Runtime\Cache\Home\9fd615a7c1fcdddda609372a495acc38.php 第 61 行.
NOTIC: [8] Use of undefined constant art_id - assumed 'art_id' D:\xampp\htdocs\blog\Runtime\Cache\Home\9fd615a7c1fcdddda609372a495acc38.php 第 61 行.
NOTIC: [8] Use of undefined constant art_id - assumed 'art_id' D:\xampp\htdocs\blog\Runtime\Cache\Home\9fd615a7c1fcdddda609372a495acc38.php 第 61 行.
NOTIC: [8] Use of undefined constant art_id - assumed 'art_id' D:\xampp\htdocs\blog\Runtime\Cache\Home\9fd615a7c1fcdddda609372a495acc38.php 第 61 行.
NOTIC: [8] Use of undefined constant art_id - assumed 'art_id' D:\xampp\htdocs\blog\Runtime\Cache\Home\9fd615a7c1fcdddda609372a495acc38.php 第 61 行.
INFO: Run Behavior\ParseTemplateBehavior [ RunTime:0.012037s ]
INFO: [ view_parse ] --END-- [ RunTime:0.012164s ]
INFO: [ view_filter ] --START--
INFO: Run Behavior\WriteHtmlCacheBehavior [ RunTime:0.000407s ]
INFO: [ view_filter ] --END-- [ RunTime:0.000472s ]
INFO: [ app_end ] --START--
INFO: Run Behavior\ShowPageTraceBehavior [ RunTime:0.000680s ]
INFO: [ app_end ] --END-- [ RunTime:0.000746s ]

[ 2016-09-20T19:44:30+08:00 ] ::1 /blog/index.php/Home/Index.html
INFO: [ app_init ] --START--
INFO: Run Behavior\BuildLiteBehavior [ RunTime:0.000031s ]
INFO: [ app_init ] --END-- [ RunTime:0.000501s ]
INFO: [ app_begin ] --START--
INFO: Run Behavior\ReadHtmlCacheBehavior [ RunTime:0.000688s ]
INFO: [ app_begin ] --END-- [ RunTime:0.000796s ]
SQL: SHOW COLUMNS FROM `art` [ RunTime:0.0196s ]
SQL: SELECT * FROM `art`  [ RunTime:0.0005s ]
NOTIC: [2] Missing argument 1 for Think\Controller::show(), called in D:\xampp\htdocs\blog\Home\Controller\IndexController.class.php on line 10 and defined D:\xampp\htdocs\ThinkPHP\Library\Think\Controller.class.php 第 68 行.
NOTIC: [8] Undefined variable: content D:\xampp\htdocs\ThinkPHP\Library\Think\Controller.class.php 第 69 行.
INFO: [ view_parse ] --START--
INFO: [ template_filter ] --START--
INFO: Run Behavior\ContentReplaceBehavior [ RunTime:0.000056s ]
INFO: [ template_filter ] --END-- [ RunTime:0.000114s ]
NOTIC: [8] Use of undefined constant art_id - assumed 'art_id' D:\xampp\htdocs\blog\Runtime\Cache\Home\9fd615a7c1fcdddda609372a495acc38.php 第 61 行.
NOTIC: [8] Use of undefined constant art_id - assumed 'art_id' D:\xampp\htdocs\blog\Runtime\Cache\Home\9fd615a7c1fcdddda609372a495acc38.php 第 61 行.
NOTIC: [8] Use of undefined constant art_id - assumed 'art_id' D:\xampp\htdocs\blog\Runtime\Cache\Home\9fd615a7c1fcdddda609372a495acc38.php 第 61 行.
NOTIC: [8] Use of undefined constant art_id - assumed 'art_id' D:\xampp\htdocs\blog\Runtime\Cache\Home\9fd615a7c1fcdddda609372a495acc38.php 第 61 行.
NOTIC: [8] Use of undefined constant art_id - assumed 'art_id' D:\xampp\htdocs\blog\Runtime\Cache\Home\9fd615a7c1fcdddda609372a495acc38.php 第 61 行.
NOTIC: [8] Use of undefined constant art_id - assumed 'art_id' D:\xampp\htdocs\blog\Runtime\Cache\Home\9fd615a7c1fcdddda609372a495acc38.php 第 61 行.
NOTIC: [8] Use of undefined constant art_id - assumed 'art_id' D:\xampp\htdocs\blog\Runtime\Cache\Home\9fd615a7c1fcdddda609372a495acc38.php 第 61 行.
NOTIC: [8] Use of undefined constant art_id - assumed 'art_id' D:\xampp\htdocs\blog\Runtime\Cache\Home\9fd615a7c1fcdddda609372a495acc38.php 第 61 行.
NOTIC: [8] Use of undefined constant art_id - assumed 'art_id' D:\xampp\htdocs\blog\Runtime\Cache\Home\9fd615a7c1fcdddda609372a495acc38.php 第 61 行.
NOTIC: [8] Use of undefined constant art_id - assumed 'art_id' D:\xampp\htdocs\blog\Runtime\Cache\Home\9fd615a7c1fcdddda609372a495acc38.php 第 61 行.
NOTIC: [8] Use of undefined constant art_id - assumed 'art_id' D:\xampp\htdocs\blog\Runtime\Cache\Home\9fd615a7c1fcdddda609372a495acc38.php 第 61 行.
NOTIC: [8] Use of undefined constant art_id - assumed 'art_id' D:\xampp\htdocs\blog\Runtime\Cache\Home\9fd615a7c1fcdddda609372a495acc38.php 第 61 行.
INFO: Run Behavior\ParseTemplateBehavior [ RunTime:0.010861s ]
INFO: [ view_parse ] --END-- [ RunTime:0.010935s ]
INFO: [ view_filter ] --START--
INFO: Run Behavior\WriteHtmlCacheBehavior [ RunTime:0.000330s ]
INFO: [ view_filter ] --END-- [ RunTime:0.000391s ]
INFO: [ app_end ] --START--
INFO: Run Behavior\ShowPageTraceBehavior [ RunTime:0.000764s ]
INFO: [ app_end ] --END-- [ RunTime:0.000835s ]

[ 2016-09-20T19:44:31+08:00 ] ::1 /blog/index.php/Home/Index/art/art_id/1.html
INFO: [ app_init ] --START--
INFO: Run Behavior\BuildLiteBehavior [ RunTime:0.000014s ]
INFO: [ app_init ] --END-- [ RunTime:0.000367s ]
INFO: [ app_begin ] --START--
INFO: Run Behavior\ReadHtmlCacheBehavior [ RunTime:0.000473s ]
INFO: [ app_begin ] --END-- [ RunTime:0.000532s ]
SQL: SHOW COLUMNS FROM `art` [ RunTime:0.0220s ]
SQL: SELECT * FROM `art` WHERE `art_id` = 1 LIMIT 1   [ RunTime:0.0004s ]
NOTIC: [2] Missing argument 1 for Think\Controller::show(), called in D:\xampp\htdocs\blog\Home\Controller\IndexController.class.php on line 23 and defined D:\xampp\htdocs\ThinkPHP\Library\Think\Controller.class.php 第 68 行.
NOTIC: [8] Undefined variable: content D:\xampp\htdocs\ThinkPHP\Library\Think\Controller.class.php 第 69 行.
INFO: [ view_parse ] --START--
INFO: [ template_filter ] --START--
INFO: Run Behavior\ContentReplaceBehavior [ RunTime:0.000052s ]
INFO: [ template_filter ] --END-- [ RunTime:0.000106s ]
INFO: Run Behavior\ParseTemplateBehavior [ RunTime:0.007147s ]
INFO: [ view_parse ] --END-- [ RunTime:0.007205s ]
INFO: [ view_filter ] --START--
INFO: Run Behavior\WriteHtmlCacheBehavior [ RunTime:0.000258s ]
INFO: [ view_filter ] --END-- [ RunTime:0.000300s ]
INFO: [ app_end ] --START--
INFO: Run Behavior\ShowPageTraceBehavior [ RunTime:0.000476s ]
INFO: [ app_end ] --END-- [ RunTime:0.000520s ]

[ 2016-09-20T19:44:33+08:00 ] ::1 /blog/index.php/Home/Index.html
INFO: [ app_init ] --START--
INFO: Run Behavior\BuildLiteBehavior [ RunTime:0.000013s ]
INFO: [ app_init ] --END-- [ RunTime:0.000340s ]
INFO: [ app_begin ] --START--
INFO: Run Behavior\ReadHtmlCacheBehavior [ RunTime:0.000408s ]
INFO: [ app_begin ] --END-- [ RunTime:0.000455s ]
SQL: SHOW COLUMNS FROM `art` [ RunTime:0.0132s ]
SQL: SELECT * FROM `art`  [ RunTime:0.0005s ]
NOTIC: [2] Missing argument 1 for Think\Controller::show(), called in D:\xampp\htdocs\blog\Home\Controller\IndexController.class.php on line 10 and defined D:\xampp\htdocs\ThinkPHP\Library\Think\Controller.class.php 第 68 行.
NOTIC: [8] Undefined variable: content D:\xampp\htdocs\ThinkPHP\Library\Think\Controller.class.php 第 69 行.
INFO: [ view_parse ] --START--
INFO: [ template_filter ] --START--
INFO: Run Behavior\ContentReplaceBehavior [ RunTime:0.000049s ]
INFO: [ template_filter ] --END-- [ RunTime:0.000094s ]
NOTIC: [8] Use of undefined constant art_id - assumed 'art_id' D:\xampp\htdocs\blog\Runtime\Cache\Home\9fd615a7c1fcdddda609372a495acc38.php 第 61 行.
NOTIC: [8] Use of undefined constant art_id - assumed 'art_id' D:\xampp\htdocs\blog\Runtime\Cache\Home\9fd615a7c1fcdddda609372a495acc38.php 第 61 行.
NOTIC: [8] Use of undefined constant art_id - assumed 'art_id' D:\xampp\htdocs\blog\Runtime\Cache\Home\9fd615a7c1fcdddda609372a495acc38.php 第 61 行.
NOTIC: [8] Use of undefined constant art_id - assumed 'art_id' D:\xampp\htdocs\blog\Runtime\Cache\Home\9fd615a7c1fcdddda609372a495acc38.php 第 61 行.
NOTIC: [8] Use of undefined constant art_id - assumed 'art_id' D:\xampp\htdocs\blog\Runtime\Cache\Home\9fd615a7c1fcdddda609372a495acc38.php 第 61 行.
NOTIC: [8] Use of undefined constant art_id - assumed 'art_id' D:\xampp\htdocs\blog\Runtime\Cache\Home\9fd615a7c1fcdddda609372a495acc38.php 第 61 行.
NOTIC: [8] Use of undefined constant art_id - assumed 'art_id' D:\xampp\htdocs\blog\Runtime\Cache\Home\9fd615a7c1fcdddda609372a495acc38.php 第 61 行.
NOTIC: [8] Use of undefined constant art_id - assumed 'art_id' D:\xampp\htdocs\blog\Runtime\Cache\Home\9fd615a7c1fcdddda609372a495acc38.php 第 61 行.
NOTIC: [8] Use of undefined constant art_id - assumed 'art_id' D:\xampp\htdocs\blog\Runtime\Cache\Home\9fd615a7c1fcdddda609372a495acc38.php 第 61 行.
NOTIC: [8] Use of undefined constant art_id - assumed 'art_id' D:\xampp\htdocs\blog\Runtime\Cache\Home\9fd615a7c1fcdddda609372a495acc38.php 第 61 行.
NOTIC: [8] Use of undefined constant art_id - assumed 'art_id' D:\xampp\htdocs\blog\Runtime\Cache\Home\9fd615a7c1fcdddda609372a495acc38.php 第 61 行.
NOTIC: [8] Use of undefined constant art_id - assumed 'art_id' D:\xampp\htdocs\blog\Runtime\Cache\Home\9fd615a7c1fcdddda609372a495acc38.php 第 61 行.
INFO: Run Behavior\ParseTemplateBehavior [ RunTime:0.008255s ]
INFO: [ view_parse ] --END-- [ RunTime:0.008313s ]
INFO: [ view_filter ] --START--
INFO: Run Behavior\WriteHtmlCacheBehavior [ RunTime:0.000855s ]
INFO: [ view_filter ] --END-- [ RunTime:0.000924s ]
INFO: [ app_end ] --START--
INFO: Run Behavior\ShowPageTraceBehavior [ RunTime:0.000824s ]
INFO: [ app_end ] --END-- [ RunTime:0.000941s ]

[ 2016-09-20T19:47:40+08:00 ] ::1 /blog/index.php/Home/index.html
INFO: [ app_init ] --START--
INFO: Run Behavior\BuildLiteBehavior [ RunTime:0.000015s ]
INFO: [ app_init ] --END-- [ RunTime:0.000483s ]
INFO: [ app_begin ] --START--
INFO: Run Behavior\ReadHtmlCacheBehavior [ RunTime:0.000695s ]
INFO: [ app_begin ] --END-- [ RunTime:0.000759s ]
SQL: SHOW COLUMNS FROM `art` [ RunTime:0.0188s ]
SQL: SELECT * FROM `art`  [ RunTime:0.0006s ]
NOTIC: [2] Missing argument 1 for Think\Controller::show(), called in D:\xampp\htdocs\blog\Home\Controller\IndexController.class.php on line 10 and defined D:\xampp\htdocs\ThinkPHP\Library\Think\Controller.class.php 第 68 行.
NOTIC: [8] Undefined variable: content D:\xampp\htdocs\ThinkPHP\Library\Think\Controller.class.php 第 69 行.
INFO: [ view_parse ] --START--
INFO: [ template_filter ] --START--
INFO: Run Behavior\ContentReplaceBehavior [ RunTime:0.000065s ]
INFO: [ template_filter ] --END-- [ RunTime:0.000123s ]
NOTIC: [8] Use of undefined constant art_id - assumed 'art_id' D:\xampp\htdocs\blog\Runtime\Cache\Home\9fd615a7c1fcdddda609372a495acc38.php 第 61 行.
NOTIC: [8] Use of undefined constant art_id - assumed 'art_id' D:\xampp\htdocs\blog\Runtime\Cache\Home\9fd615a7c1fcdddda609372a495acc38.php 第 61 行.
NOTIC: [8] Use of undefined constant art_id - assumed 'art_id' D:\xampp\htdocs\blog\Runtime\Cache\Home\9fd615a7c1fcdddda609372a495acc38.php 第 61 行.
NOTIC: [8] Use of undefined constant art_id - assumed 'art_id' D:\xampp\htdocs\blog\Runtime\Cache\Home\9fd615a7c1fcdddda609372a495acc38.php 第 61 行.
NOTIC: [8] Use of undefined constant art_id - assumed 'art_id' D:\xampp\htdocs\blog\Runtime\Cache\Home\9fd615a7c1fcdddda609372a495acc38.php 第 61 行.
NOTIC: [8] Use of undefined constant art_id - assumed 'art_id' D:\xampp\htdocs\blog\Runtime\Cache\Home\9fd615a7c1fcdddda609372a495acc38.php 第 61 行.
NOTIC: [8] Use of undefined constant art_id - assumed 'art_id' D:\xampp\htdocs\blog\Runtime\Cache\Home\9fd615a7c1fcdddda609372a495acc38.php 第 61 行.
NOTIC: [8] Use of undefined constant art_id - assumed 'art_id' D:\xampp\htdocs\blog\Runtime\Cache\Home\9fd615a7c1fcdddda609372a495acc38.php 第 61 行.
NOTIC: [8] Use of undefined constant art_id - assumed 'art_id' D:\xampp\htdocs\blog\Runtime\Cache\Home\9fd615a7c1fcdddda609372a495acc38.php 第 61 行.
NOTIC: [8] Use of undefined constant art_id - assumed 'art_id' D:\xampp\htdocs\blog\Runtime\Cache\Home\9fd615a7c1fcdddda609372a495acc38.php 第 61 行.
NOTIC: [8] Use of undefined constant art_id - assumed 'art_id' D:\xampp\htdocs\blog\Runtime\Cache\Home\9fd615a7c1fcdddda609372a495acc38.php 第 61 行.
NOTIC: [8] Use of undefined constant art_id - assumed 'art_id' D:\xampp\htdocs\blog\Runtime\Cache\Home\9fd615a7c1fcdddda609372a495acc38.php 第 61 行.
INFO: Run Behavior\ParseTemplateBehavior [ RunTime:0.012087s ]
INFO: [ view_parse ] --END-- [ RunTime:0.012165s ]
INFO: [ view_filter ] --START--
INFO: Run Behavior\WriteHtmlCacheBehavior [ RunTime:0.000482s ]
INFO: [ view_filter ] --END-- [ RunTime:0.000557s ]
INFO: [ app_end ] --START--
INFO: Run Behavior\ShowPageTraceBehavior [ RunTime:0.000640s ]
INFO: [ app_end ] --END-- [ RunTime:0.000688s ]

[ 2016-09-20T19:47:46+08:00 ] ::1 /blog/index.php/Home/contact.html
INFO: [ app_init ] --START--
INFO: Run Behavior\BuildLiteBehavior [ RunTime:0.000032s ]
INFO: [ app_init ] --END-- [ RunTime:0.001452s ]
INFO: [ app_begin ] --START--
INFO: Run Behavior\ReadHtmlCacheBehavior [ RunTime:0.000861s ]
INFO: [ app_begin ] --END-- [ RunTime:0.000940s ]
ERR: 无法加载控制器:Contact

[ 2016-09-20T19:48:52+08:00 ] ::1 /blog/index.php/Home/index.html
INFO: [ app_init ] --START--
INFO: Run Behavior\BuildLiteBehavior [ RunTime:0.000011s ]
INFO: [ app_init ] --END-- [ RunTime:0.000362s ]
INFO: [ app_begin ] --START--
INFO: Run Behavior\ReadHtmlCacheBehavior [ RunTime:0.000457s ]
INFO: [ app_begin ] --END-- [ RunTime:0.000504s ]
SQL: SHOW COLUMNS FROM `art` [ RunTime:0.0167s ]
SQL: SELECT * FROM `art`  [ RunTime:0.0004s ]
NOTIC: [2] Missing argument 1 for Think\Controller::show(), called in D:\xampp\htdocs\blog\Home\Controller\IndexController.class.php on line 10 and defined D:\xampp\htdocs\ThinkPHP\Library\Think\Controller.class.php 第 68 行.
NOTIC: [8] Undefined variable: content D:\xampp\htdocs\ThinkPHP\Library\Think\Controller.class.php 第 69 行.
INFO: [ view_parse ] --START--
INFO: [ template_filter ] --START--
INFO: Run Behavior\ContentReplaceBehavior [ RunTime:0.000050s ]
INFO: [ template_filter ] --END-- [ RunTime:0.000094s ]
NOTIC: [8] Use of undefined constant art_id - assumed 'art_id' D:\xampp\htdocs\blog\Runtime\Cache\Home\9fd615a7c1fcdddda609372a495acc38.php 第 61 行.
NOTIC: [8] Use of undefined constant art_id - assumed 'art_id' D:\xampp\htdocs\blog\Runtime\Cache\Home\9fd615a7c1fcdddda609372a495acc38.php 第 61 行.
NOTIC: [8] Use of undefined constant art_id - assumed 'art_id' D:\xampp\htdocs\blog\Runtime\Cache\Home\9fd615a7c1fcdddda609372a495acc38.php 第 61 行.
NOTIC: [8] Use of undefined constant art_id - assumed 'art_id' D:\xampp\htdocs\blog\Runtime\Cache\Home\9fd615a7c1fcdddda609372a495acc38.php 第 61 行.
NOTIC: [8] Use of undefined constant art_id - assumed 'art_id' D:\xampp\htdocs\blog\Runtime\Cache\Home\9fd615a7c1fcdddda609372a495acc38.php 第 61 行.
NOTIC: [8] Use of undefined constant art_id - assumed 'art_id' D:\xampp\htdocs\blog\Runtime\Cache\Home\9fd615a7c1fcdddda609372a495acc38.php 第 61 行.
NOTIC: [8] Use of undefined constant art_id - assumed 'art_id' D:\xampp\htdocs\blog\Runtime\Cache\Home\9fd615a7c1fcdddda609372a495acc38.php 第 61 行.
NOTIC: [8] Use of undefined constant art_id - assumed 'art_id' D:\xampp\htdocs\blog\Runtime\Cache\Home\9fd615a7c1fcdddda609372a495acc38.php 第 61 行.
NOTIC: [8] Use of undefined constant art_id - assumed 'art_id' D:\xampp\htdocs\blog\Runtime\Cache\Home\9fd615a7c1fcdddda609372a495acc38.php 第 61 行.
NOTIC: [8] Use of undefined constant art_id - assumed 'art_id' D:\xampp\htdocs\blog\Runtime\Cache\Home\9fd615a7c1fcdddda609372a495acc38.php 第 61 行.
NOTIC: [8] Use of undefined constant art_id - assumed 'art_id' D:\xampp\htdocs\blog\Runtime\Cache\Home\9fd615a7c1fcdddda609372a495acc38.php 第 61 行.
NOTIC: [8] Use of undefined constant art_id - assumed 'art_id' D:\xampp\htdocs\blog\Runtime\Cache\Home\9fd615a7c1fcdddda609372a495acc38.php 第 61 行.
INFO: Run Behavior\ParseTemplateBehavior [ RunTime:0.056495s ]
INFO: [ view_parse ] --END-- [ RunTime:0.056545s ]
INFO: [ view_filter ] --START--
INFO: Run Behavior\WriteHtmlCacheBehavior [ RunTime:0.000286s ]
INFO: [ view_filter ] --END-- [ RunTime:0.000324s ]
INFO: [ app_end ] --START--
INFO: Run Behavior\ShowPageTraceBehavior [ RunTime:0.000623s ]
INFO: [ app_end ] --END-- [ RunTime:0.000688s ]

[ 2016-09-20T19:48:53+08:00 ] ::1 /blog/index.php/Home/Index/contact.html
INFO: [ app_init ] --START--
INFO: Run Behavior\BuildLiteBehavior [ RunTime:0.000014s ]
INFO: [ app_init ] --END-- [ RunTime:0.000383s ]
INFO: [ app_begin ] --START--
INFO: Run Behavior\ReadHtmlCacheBehavior [ RunTime:0.000586s ]
INFO: [ app_begin ] --END-- [ RunTime:0.000665s ]
NOTIC: [2] Missing argument 1 for Think\Controller::show(), called in D:\xampp\htdocs\blog\Home\Controller\IndexController.class.php on line 13 and defined D:\xampp\htdocs\ThinkPHP\Library\Think\Controller.class.php 第 68 行.
NOTIC: [8] Undefined variable: content D:\xampp\htdocs\ThinkPHP\Library\Think\Controller.class.php 第 69 行.
INFO: [ view_parse ] --START--
INFO: [ template_filter ] --START--
INFO: Run Behavior\ContentReplaceBehavior [ RunTime:0.000066s ]
INFO: [ template_filter ] --END-- [ RunTime:0.000130s ]
INFO: Run Behavior\ParseTemplateBehavior [ RunTime:0.084985s ]
INFO: [ view_parse ] --END-- [ RunTime:0.085073s ]
INFO: [ view_filter ] --START--
INFO: Run Behavior\WriteHtmlCacheBehavior [ RunTime:0.000510s ]
INFO: [ view_filter ] --END-- [ RunTime:0.000592s ]
INFO: [ app_end ] --START--
INFO: Run Behavior\ShowPageTraceBehavior [ RunTime:0.000890s ]
INFO: [ app_end ] --END-- [ RunTime:0.000979s ]

[ 2016-09-20T19:49:00+08:00 ] ::1 /blog/index.php/Home/Index/index.html
INFO: [ app_init ] --START--
INFO: Run Behavior\BuildLiteBehavior [ RunTime:0.000016s ]
INFO: [ app_init ] --END-- [ RunTime:0.000464s ]
INFO: [ app_begin ] --START--
INFO: Run Behavior\ReadHtmlCacheBehavior [ RunTime:0.000545s ]
INFO: [ app_begin ] --END-- [ RunTime:0.000611s ]
SQL: SHOW COLUMNS FROM `art` [ RunTime:0.0154s ]
SQL: SELECT * FROM `art`  [ RunTime:0.0005s ]
NOTIC: [2] Missing argument 1 for Think\Controller::show(), called in D:\xampp\htdocs\blog\Home\Controller\IndexController.class.php on line 10 and defined D:\xampp\htdocs\ThinkPHP\Library\Think\Controller.class.php 第 68 行.
NOTIC: [8] Undefined variable: content D:\xampp\htdocs\ThinkPHP\Library\Think\Controller.class.php 第 69 行.
INFO: [ view_parse ] --START--
INFO: [ template_filter ] --START--
INFO: Run Behavior\ContentReplaceBehavior [ RunTime:0.000092s ]
INFO: [ template_filter ] --END-- [ RunTime:0.000190s ]
NOTIC: [8] Use of undefined constant art_id - assumed 'art_id' D:\xampp\htdocs\blog\Runtime\Cache\Home\9fd615a7c1fcdddda609372a495acc38.php 第 61 行.
NOTIC: [8] Use of undefined constant art_id - assumed 'art_id' D:\xampp\htdocs\blog\Runtime\Cache\Home\9fd615a7c1fcdddda609372a495acc38.php 第 61 行.
NOTIC: [8] Use of undefined constant art_id - assumed 'art_id' D:\xampp\htdocs\blog\Runtime\Cache\Home\9fd615a7c1fcdddda609372a495acc38.php 第 61 行.
NOTIC: [8] Use of undefined constant art_id - assumed 'art_id' D:\xampp\htdocs\blog\Runtime\Cache\Home\9fd615a7c1fcdddda609372a495acc38.php 第 61 行.
NOTIC: [8] Use of undefined constant art_id - assumed 'art_id' D:\xampp\htdocs\blog\Runtime\Cache\Home\9fd615a7c1fcdddda609372a495acc38.php 第 61 行.
NOTIC: [8] Use of undefined constant art_id - assumed 'art_id' D:\xampp\htdocs\blog\Runtime\Cache\Home\9fd615a7c1fcdddda609372a495acc38.php 第 61 行.
NOTIC: [8] Use of undefined constant art_id - assumed 'art_id' D:\xampp\htdocs\blog\Runtime\Cache\Home\9fd615a7c1fcdddda609372a495acc38.php 第 61 行.
NOTIC: [8] Use of undefined constant art_id - assumed 'art_id' D:\xampp\htdocs\blog\Runtime\Cache\Home\9fd615a7c1fcdddda609372a495acc38.php 第 61 行.
NOTIC: [8] Use of undefined constant art_id - assumed 'art_id' D:\xampp\htdocs\blog\Runtime\Cache\Home\9fd615a7c1fcdddda609372a495acc38.php 第 61 行.
NOTIC: [8] Use of undefined constant art_id - assumed 'art_id' D:\xampp\htdocs\blog\Runtime\Cache\Home\9fd615a7c1fcdddda609372a495acc38.php 第 61 行.
NOTIC: [8] Use of undefined constant art_id - assumed 'art_id' D:\xampp\htdocs\blog\Runtime\Cache\Home\9fd615a7c1fcdddda609372a495acc38.php 第 61 行.
NOTIC: [8] Use of undefined constant art_id - assumed 'art_id' D:\xampp\htdocs\blog\Runtime\Cache\Home\9fd615a7c1fcdddda609372a495acc38.php 第 61 行.
INFO: Run Behavior\ParseTemplateBehavior [ RunTime:0.012403s ]
INFO: [ view_parse ] --END-- [ RunTime:0.012494s ]
INFO: [ view_filter ] --START--
INFO: Run Behavior\WriteHtmlCacheBehavior [ RunTime:0.000416s ]
INFO: [ view_filter ] --END-- [ RunTime:0.000481s ]
INFO: [ app_end ] --START--
INFO: Run Behavior\ShowPageTraceBehavior [ RunTime:0.000711s ]
INFO: [ app_end ] --END-- [ RunTime:0.000787s ]

[ 2016-09-20T19:50:39+08:00 ] ::1 /blog/index.php/Home/Index/art/art_id/4.html
INFO: [ app_init ] --START--
INFO: Run Behavior\BuildLiteBehavior [ RunTime:0.000020s ]
INFO: [ app_init ] --END-- [ RunTime:0.000426s ]
INFO: [ app_begin ] --START--
INFO: Run Behavior\ReadHtmlCacheBehavior [ RunTime:0.000712s ]
INFO: [ app_begin ] --END-- [ RunTime:0.000778s ]
SQL: SHOW COLUMNS FROM `art` [ RunTime:0.0165s ]
SQL: SELECT * FROM `art` WHERE `art_id` = 4 LIMIT 1   [ RunTime:0.0003s ]
NOTIC: [2] Missing argument 1 for Think\Controller::show(), called in D:\xampp\htdocs\blog\Home\Controller\IndexController.class.php on line 23 and defined D:\xampp\htdocs\ThinkPHP\Library\Think\Controller.class.php 第 68 行.
NOTIC: [8] Undefined variable: content D:\xampp\htdocs\ThinkPHP\Library\Think\Controller.class.php 第 69 行.
INFO: [ view_parse ] --START--
INFO: [ template_filter ] --START--
INFO: Run Behavior\ContentReplaceBehavior [ RunTime:0.000082s ]
INFO: [ template_filter ] --END-- [ RunTime:0.000174s ]
INFO: Run Behavior\ParseTemplateBehavior [ RunTime:0.009340s ]
INFO: [ view_parse ] --END-- [ RunTime:0.009396s ]
INFO: [ view_filter ] --START--
INFO: Run Behavior\WriteHtmlCacheBehavior [ RunTime:0.000354s ]
INFO: [ view_filter ] --END-- [ RunTime:0.000394s ]
INFO: [ app_end ] --START--
INFO: Run Behavior\ShowPageTraceBehavior [ RunTime:0.000583s ]
INFO: [ app_end ] --END-- [ RunTime:0.000627s ]

[ 2016-09-20T21:34:47+08:00 ] ::1 /blog/index.php/home/index/index
INFO: [ app_init ] --START--
INFO: Run Behavior\BuildLiteBehavior [ RunTime:0.000019s ]
INFO: [ app_init ] --END-- [ RunTime:0.000530s ]
INFO: [ app_begin ] --START--
INFO: Run Behavior\ReadHtmlCacheBehavior [ RunTime:0.000624s ]
INFO: [ app_begin ] --END-- [ RunTime:0.000701s ]
SQL: SHOW COLUMNS FROM `art` [ RunTime:0.0148s ]
SQL: SELECT * FROM `art`  [ RunTime:0.0004s ]
NOTIC: [2] Missing argument 1 for Think\Controller::show(), called in D:\xampp\htdocs\blog\Home\Controller\IndexController.class.php on line 10 and defined D:\xampp\htdocs\ThinkPHP\Library\Think\Controller.class.php 第 68 行.
NOTIC: [8] Undefined variable: content D:\xampp\htdocs\ThinkPHP\Library\Think\Controller.class.php 第 69 行.
INFO: [ view_parse ] --START--
INFO: [ template_filter ] --START--
INFO: Run Behavior\ContentReplaceBehavior [ RunTime:0.000050s ]
INFO: [ template_filter ] --END-- [ RunTime:0.000099s ]
NOTIC: [8] Use of undefined constant art_id - assumed 'art_id' D:\xampp\htdocs\blog\Runtime\Cache\Home\9fd615a7c1fcdddda609372a495acc38.php 第 61 行.
NOTIC: [8] Use of undefined constant art_id - assumed 'art_id' D:\xampp\htdocs\blog\Runtime\Cache\Home\9fd615a7c1fcdddda609372a495acc38.php 第 61 行.
NOTIC: [8] Use of undefined constant art_id - assumed 'art_id' D:\xampp\htdocs\blog\Runtime\Cache\Home\9fd615a7c1fcdddda609372a495acc38.php 第 61 行.
NOTIC: [8] Use of undefined constant art_id - assumed 'art_id' D:\xampp\htdocs\blog\Runtime\Cache\Home\9fd615a7c1fcdddda609372a495acc38.php 第 61 行.
NOTIC: [8] Use of undefined constant art_id - assumed 'art_id' D:\xampp\htdocs\blog\Runtime\Cache\Home\9fd615a7c1fcdddda609372a495acc38.php 第 61 行.
NOTIC: [8] Use of undefined constant art_id - assumed 'art_id' D:\xampp\htdocs\blog\Runtime\Cache\Home\9fd615a7c1fcdddda609372a495acc38.php 第 61 行.
NOTIC: [8] Use of undefined constant art_id - assumed 'art_id' D:\xampp\htdocs\blog\Runtime\Cache\Home\9fd615a7c1fcdddda609372a495acc38.php 第 61 行.
NOTIC: [8] Use of undefined constant art_id - assumed 'art_id' D:\xampp\htdocs\blog\Runtime\Cache\Home\9fd615a7c1fcdddda609372a495acc38.php 第 61 行.
NOTIC: [8] Use of undefined constant art_id - assumed 'art_id' D:\xampp\htdocs\blog\Runtime\Cache\Home\9fd615a7c1fcdddda609372a495acc38.php 第 61 行.
NOTIC: [8] Use of undefined constant art_id - assumed 'art_id' D:\xampp\htdocs\blog\Runtime\Cache\Home\9fd615a7c1fcdddda609372a495acc38.php 第 61 行.
NOTIC: [8] Use of undefined constant art_id - assumed 'art_id' D:\xampp\htdocs\blog\Runtime\Cache\Home\9fd615a7c1fcdddda609372a495acc38.php 第 61 行.
NOTIC: [8] Use of undefined constant art_id - assumed 'art_id' D:\xampp\htdocs\blog\Runtime\Cache\Home\9fd615a7c1fcdddda609372a495acc38.php 第 61 行.
INFO: Run Behavior\ParseTemplateBehavior [ RunTime:0.060044s ]
INFO: [ view_parse ] --END-- [ RunTime:0.060101s ]
INFO: [ view_filter ] --START--
INFO: Run Behavior\WriteHtmlCacheBehavior [ RunTime:0.000266s ]
INFO: [ view_filter ] --END-- [ RunTime:0.000301s ]
INFO: [ app_end ] --START--
INFO: Run Behavior\ShowPageTraceBehavior [ RunTime:0.000770s ]
INFO: [ app_end ] --END-- [ RunTime:0.000841s ]

